[    0.000000] Linux version 4.15.0-213-generic (buildd@lcy02-amd64-079) (gcc version 7.5.0 (Ubuntu 7.5.0-3ubuntu1~18.04)) #224-Ubuntu SMP Mon Jun 19 13:30:12 UTC 2023 (Ubuntu 4.15.0-213.224-generic 4.15.18)
[    0.000000] Command line: BOOT_IMAGE=/boot/vmlinuz-4.15.0-213-generic root=UUID=f685bb41-0e3b-40c4-89c1-eea0f0583525 ro console=tty1 console=ttyS0
[    0.000000] KERNEL supported cpus:
[    0.000000]   Intel GenuineIntel
[    0.000000]   AMD AuthenticAMD
[    0.000000]   Centaur CentaurHauls
[    0.000000] x86/fpu: Supporting XSAVE feature 0x001: 'x87 floating point registers'
[    0.000000] x86/fpu: Supporting XSAVE feature 0x002: 'SSE registers'
[    0.000000] x86/fpu: Supporting XSAVE feature 0x004: 'AVX registers'
[    0.000000] x86/fpu: xstate_offset[2]:  576, xstate_sizes[2]:  256
[    0.000000] x86/fpu: Enabled xstate features 0x7, context size is 832 bytes, using 'standard' format.
[    0.000000] e820: BIOS-provided physical RAM map:
[    0.000000] BIOS-e820: [mem 0x0000000000000000-0x000000000009fbff] usable
[    0.000000] BIOS-e820: [mem 0x000000000009fc00-0x000000000009ffff] reserved
[    0.000000] BIOS-e820: [mem 0x00000000000f0000-0x00000000000fffff] reserved
[    0.000000] BIOS-e820: [mem 0x0000000000100000-0x000000003ffeffff] usable
[    0.000000] BIOS-e820: [mem 0x000000003fff0000-0x000000003fffffff] ACPI data
[    0.000000] BIOS-e820: [mem 0x00000000fec00000-0x00000000fec00fff] reserved
[    0.000000] BIOS-e820: [mem 0x00000000fee00000-0x00000000fee00fff] reserved
[    0.000000] BIOS-e820: [mem 0x00000000fffc0000-0x00000000ffffffff] reserved
[    0.000000] NX (Execute Disable) protection: active
[    0.000000] SMBIOS 2.5 present.
[    0.000000] DMI: innotek GmbH VirtualBox/VirtualBox, BIOS VirtualBox 12/01/2006
[    0.000000] Hypervisor detected: KVM
[    0.000000] e820: last_pfn = 0x3fff0 max_arch_pfn = 0x400000000
[    0.000000] MTRR: Disabled
[    0.000000] x86/PAT: MTRRs disabled, skipping PAT initialization too.
[    0.000000] CPU MTRRs all blank - virtualized system.
[    0.000000] x86/PAT: Configuration [0-7]: WB  WT  UC- UC  WB  WT  UC- UC  
[    0.000000] found SMP MP-table at [mem 0x0009fff0-0x0009ffff]
[    0.000000] Scanning 1 areas for low memory corruption
[    0.000000] RAMDISK: [mem 0x35819000-0x36c03fff]
[    0.000000] ACPI: Early table checksum verification disabled
[    0.000000] ACPI: RSDP 0x00000000000E0000 000024 (v02 VBOX  )
[    0.000000] ACPI: XSDT 0x000000003FFF0030 00003C (v01 VBOX   VBOXXSDT 00000001 ASL  00000061)
[    0.000000] ACPI: FACP 0x000000003FFF00F0 0000F4 (v04 VBOX   VBOXFACP 00000001 ASL  00000061)
[    0.000000] ACPI: DSDT 0x000000003FFF0610 002353 (v02 VBOX   VBOXBIOS 00000002 INTL 20200925)
[    0.000000] ACPI: FACS 0x000000003FFF0200 000040
[    0.000000] ACPI: FACS 0x000000003FFF0200 000040
[    0.000000] ACPI: APIC 0x000000003FFF0240 00005C (v02 VBOX   VBOXAPIC 00000001 ASL  00000061)
[    0.000000] ACPI: SSDT 0x000000003FFF02A0 00036C (v01 VBOX   VBOXCPUT 00000002 INTL 20200925)
[    0.000000] ACPI: Reserving FACP table memory at [mem 0x3fff00f0-0x3fff01e3]
[    0.000000] ACPI: Reserving DSDT table memory at [mem 0x3fff0610-0x3fff2962]
[    0.000000] ACPI: Reserving FACS table memory at [mem 0x3fff0200-0x3fff023f]
[    0.000000] ACPI: Reserving FACS table memory at [mem 0x3fff0200-0x3fff023f]
[    0.000000] ACPI: Reserving APIC table memory at [mem 0x3fff0240-0x3fff029b]
[    0.000000] ACPI: Reserving SSDT table memory at [mem 0x3fff02a0-0x3fff060b]
[    0.000000] No NUMA configuration found
[    0.000000] Faking a node at [mem 0x0000000000000000-0x000000003ffeffff]
[    0.000000] NODE_DATA(0) allocated [mem 0x3ffc5000-0x3ffeffff]
[    0.000000] kvm-clock: cpu 0, msr 0:3ff44001, primary cpu clock
[    0.000000] kvm-clock: Using msrs 4b564d01 and 4b564d00
[    0.000000] kvm-clock: using sched offset of 2970569082 cycles
[    0.000000] clocksource: kvm-clock: mask: 0xffffffffffffffff max_cycles: 0x1cd42e4dffb, max_idle_ns: 881590591483 ns
[    0.000000] Zone ranges:
[    0.000000]   DMA      [mem 0x0000000000001000-0x0000000000ffffff]
[    0.000000]   DMA32    [mem 0x0000000001000000-0x000000003ffeffff]
[    0.000000]   Normal   empty
[    0.000000]   Device   empty
[    0.000000] Movable zone start for each node
[    0.000000] Early memory node ranges
[    0.000000]   node   0: [mem 0x0000000000001000-0x000000000009efff]
[    0.000000]   node   0: [mem 0x0000000000100000-0x000000003ffeffff]
[    0.000000] Reserved but unavailable: 104 pages
[    0.000000] Initmem setup node 0 [mem 0x0000000000001000-0x000000003ffeffff]
[    0.000000] ACPI: PM-Timer IO Port: 0x4008
[    0.000000] IOAPIC[0]: apic_id 2, version 32, address 0xfec00000, GSI 0-23
[    0.000000] ACPI: INT_SRC_OVR (bus 0 bus_irq 0 global_irq 2 dfl dfl)
[    0.000000] ACPI: INT_SRC_OVR (bus 0 bus_irq 9 global_irq 9 low level)
[    0.000000] Using ACPI (MADT) for SMP configuration information
[    0.000000] smpboot: Allowing 2 CPUs, 0 hotplug CPUs
[    0.000000] PM: Registered nosave memory: [mem 0x00000000-0x00000fff]
[    0.000000] PM: Registered nosave memory: [mem 0x0009f000-0x0009ffff]
[    0.000000] PM: Registered nosave memory: [mem 0x000a0000-0x000effff]
[    0.000000] PM: Registered nosave memory: [mem 0x000f0000-0x000fffff]
[    0.000000] e820: [mem 0x40000000-0xfebfffff] available for PCI devices
[    0.000000] Booting paravirtualized kernel on KVM
[    0.000000] clocksource: refined-jiffies: mask: 0xffffffff max_cycles: 0xffffffff, max_idle_ns: 7645519600211568 ns
[    0.000000] setup_percpu: NR_CPUS:8192 nr_cpumask_bits:2 nr_cpu_ids:2 nr_node_ids:1
[    0.000000] percpu: Embedded 50 pages/cpu s167936 r8192 d28672 u1048576
[    0.000000] PV qspinlock hash table entries: 256 (order: 0, 4096 bytes)
[    0.000000] Built 1 zonelists, mobility grouping on.  Total pages: 257913
[    0.000000] Policy zone: DMA32
[    0.000000] Kernel command line: BOOT_IMAGE=/boot/vmlinuz-4.15.0-213-generic root=UUID=f685bb41-0e3b-40c4-89c1-eea0f0583525 ro console=tty1 console=ttyS0
[    0.000000] Memory: 981776K/1048120K available (12300K kernel code, 2477K rwdata, 4324K rodata, 2480K init, 2720K bss, 66344K reserved, 0K cma-reserved)
[    0.000000] SLUB: HWalign=64, Order=0-3, MinObjects=0, CPUs=2, Nodes=1
[    0.000000] Kernel/User page tables isolation: enabled
[    0.000000] ftrace: allocating 39508 entries in 155 pages
[    0.004000] Hierarchical RCU implementation.
[    0.004000] 	RCU restricting CPUs from NR_CPUS=8192 to nr_cpu_ids=2.
[    0.004000] 	Tasks RCU enabled.
[    0.004000] RCU: Adjusting geometry for rcu_fanout_leaf=16, nr_cpu_ids=2
[    0.004000] NR_IRQS: 524544, nr_irqs: 440, preallocated irqs: 16
[    0.004000] random: crng init done
[    0.004000] Console: colour VGA+ 80x25
[    0.004000] console [tty1] enabled
[    0.004000] console [ttyS0] enabled
[    0.004000] ACPI: Core revision 20170831
[    0.004000] ACPI: 2 ACPI AML tables successfully acquired and loaded
[    0.004000] APIC: Switch to symmetric I/O mode setup
[    0.004000] x2apic enabled
[    0.004000] Switched APIC routing to physical x2apic.
[    0.004000] ..TIMER: vector=0x30 apic1=0 pin1=2 apic2=-1 pin2=-1
[    0.004000] tsc: Detected 2495.998 MHz processor
[    0.004000] Calibrating delay loop (skipped) preset value.. 4991.99 BogoMIPS (lpj=9983992)
[    0.004000] pid_max: default: 32768 minimum: 301
[    0.004000] Security Framework initialized
[    0.004000] Yama: becoming mindful.
[    0.004040] AppArmor: AppArmor initialized
[    0.005379] Dentry cache hash table entries: 131072 (order: 8, 1048576 bytes)
[    0.007037] Inode-cache hash table entries: 65536 (order: 7, 524288 bytes)
[    0.008000] Mount-cache hash table entries: 2048 (order: 2, 16384 bytes)
[    0.008000] Mountpoint-cache hash table entries: 2048 (order: 2, 16384 bytes)
[    0.008000] Last level iTLB entries: 4KB 0, 2MB 0, 4MB 0
[    0.008000] Last level dTLB entries: 4KB 0, 2MB 0, 4MB 0, 1GB 0
[    0.008000] Spectre V1 : Mitigation: usercopy/swapgs barriers and __user pointer sanitization
[    0.008000] Spectre V2 : Mitigation: Retpolines
[    0.008000] Spectre V2 : Spectre v2 / SpectreRSB mitigation: Filling RSB on context switch
[    0.008000] Spectre V2 : Spectre v2 / SpectreRSB : Filling RSB on VMEXIT
[    0.008000] Speculative Store Bypass: Vulnerable
[    0.008000] MDS: Mitigation: Clear CPU buffers
[    0.012041] Freeing SMP alternatives memory: 36K
[    0.128467] APIC calibration not consistent with PM-Timer: 105ms instead of 100ms
[    0.129567] APIC delta adjusted to PM-Timer: 6487264 (6831170)
[    0.130353] smpboot: CPU0: 12th Gen Intel(R) Core(TM) i5-1235U (family: 0x6, model: 0x9a, stepping: 0x4)
[    0.131576] Performance Events: unsupported p6 CPU model 154 no PMU driver, software events only.
[    0.132000] Hierarchical SRCU implementation.
[    0.132000] NMI watchdog: Perf event create on CPU 0 failed with -2
[    0.132000] NMI watchdog: Perf NMI watchdog permanently disabled
[    0.132027] smp: Bringing up secondary CPUs ...
[    0.132676] x86: Booting SMP configuration:
[    0.133238] .... node  #0, CPUs:      #1
[    0.004000] kvm-clock: cpu 1, msr 0:3ff44041, secondary cpu clock
[    0.136022] smp: Brought up 1 node, 2 CPUs
[    0.136553] smpboot: Max logical packages: 1
[    0.137106] smpboot: Total of 2 processors activated (9983.99 BogoMIPS)
[    0.137970] devtmpfs: initialized
[    0.140037] x86/mm: Memory block size: 128MB
[    0.140723] evm: security.selinux
[    0.141238] evm: security.SMACK64
[    0.141699] evm: security.SMACK64EXEC
[    0.142181] evm: security.SMACK64TRANSMUTE
[    0.142695] evm: security.SMACK64MMAP
[    0.143157] evm: security.apparmor
[    0.143588] evm: security.ima
[    0.143979] evm: security.capability
[    0.144047] clocksource: jiffies: mask: 0xffffffff max_cycles: 0xffffffff, max_idle_ns: 7645041785100000 ns
[    0.145156] futex hash table entries: 512 (order: 3, 32768 bytes)
[    0.145932] pinctrl core: initialized pinctrl subsystem
[    0.146857] RTC time: 19:13:58, date: 10/10/24
[    0.147546] NET: Registered protocol family 16
[    0.148035] audit: initializing netlink subsys (disabled)
[    0.148698] audit: type=2000 audit(1728587642.703:1): state=initialized audit_enabled=0 res=1
[    0.148698] cpuidle: using governor ladder
[    0.148698] cpuidle: using governor menu
[    0.152026] ACPI: bus type PCI registered
[    0.152538] acpiphp: ACPI Hot Plug PCI Controller Driver version: 0.5
[    0.153352] PCI: Using configuration type 1 for base access
[    0.154046] HugeTLB registered 2.00 MiB page size, pre-allocated 0 pages
[    0.154046] ACPI: Added _OSI(Module Device)
[    0.156005] ACPI: Added _OSI(Processor Device)
[    0.156548] ACPI: Added _OSI(3.0 _SCP Extensions)
[    0.157119] ACPI: Added _OSI(Processor Aggregator Device)
[    0.157773] ACPI: Added _OSI(Linux-Dell-Video)
[    0.158331] ACPI: Added _OSI(Linux-Lenovo-NV-HDMI-Audio)
[    0.158966] ACPI: Added _OSI(Linux-HPI-Hybrid-Graphics)
[    0.159756] ACPI: Executed 1 blocks of module-level executable AML code
[    0.161775] ACPI: Interpreter enabled
[    0.162286] ACPI: (supports S0 S5)
[    0.162723] ACPI: Using IOAPIC for interrupt routing
[    0.163429] PCI: Using host bridge windows from ACPI; if necessary, use "pci=nocrs" and report a bug
[    0.164086] ACPI: Enabled 2 GPEs in block 00 to 07
[    0.168438] ACPI: PCI Root Bridge [PCI0] (domain 0000 [bus 00-ff])
[    0.169216] acpi PNP0A03:00: _OSC: OS supports [ASPM ClockPM Segments MSI]
[    0.170272] acpi PNP0A03:00: _OSC: not requesting OS control; OS requires [ExtendedConfig ASPM ClockPM MSI]
[    0.171444] acpi PNP0A03:00: fail to add MMCONFIG information, can't access extended PCI configuration space under this bridge.
[    0.172186] PCI host bridge to bus 0000:00
[    0.172740] pci_bus 0000:00: root bus resource [io  0x0000-0x0cf7 window]
[    0.173541] pci_bus 0000:00: root bus resource [io  0x0d00-0xffff window]
[    0.174815] pci_bus 0000:00: root bus resource [mem 0x000a0000-0x000bffff window]
[    0.176001] pci_bus 0000:00: root bus resource [mem 0x40000000-0xfdffffff window]
[    0.176899] pci_bus 0000:00: root bus resource [bus 00-ff]
[    0.178575] pci 0000:00:01.1: legacy IDE quirk: reg 0x10: [io  0x01f0-0x01f7]
[    0.179443] pci 0000:00:01.1: legacy IDE quirk: reg 0x14: [io  0x03f6]
[    0.180000] pci 0000:00:01.1: legacy IDE quirk: reg 0x18: [io  0x0170-0x0177]
[    0.180001] pci 0000:00:01.1: legacy IDE quirk: reg 0x1c: [io  0x0376]
[    0.190044] pci 0000:00:07.0: quirk: [io  0x4000-0x403f] claimed by PIIX4 ACPI
[    0.191010] pci 0000:00:07.0: quirk: [io  0x4100-0x410f] claimed by PIIX4 SMB
[    0.194859] ACPI: PCI Interrupt Link [LNKA] (IRQs 5 9 10 *11)
[    0.195757] ACPI: PCI Interrupt Link [LNKB] (IRQs 5 9 *10 11)
[    0.196053] ACPI: PCI Interrupt Link [LNKC] (IRQs 5 *9 10 11)
[    0.196835] ACPI: PCI Interrupt Link [LNKD] (IRQs 5 9 10 *11)
[    0.197702] SCSI subsystem initialized
[    0.198242] pci 0000:00:02.0: vgaarb: setting as boot VGA device
[    0.198242] pci 0000:00:02.0: vgaarb: VGA device added: decodes=io+mem,owns=io+mem,locks=none
[    0.200006] pci 0000:00:02.0: vgaarb: bridge control possible
[    0.200683] vgaarb: loaded
[    0.201048] ACPI: bus type USB registered
[    0.201550] usbcore: registered new interface driver usbfs
[    0.202221] usbcore: registered new interface driver hub
[    0.202850] usbcore: registered new device driver usb
[    0.203488] EDAC MC: Ver: 3.0.0
[    0.204116] PCI: Using ACPI for IRQ routing
[    0.204665] NetLabel: Initializing
[    0.205102] NetLabel:  domain hash size = 128
[    0.205638] NetLabel:  protocols = UNLABELED CIPSOv4 CALIPSO
[    0.206320] NetLabel:  unlabeled traffic allowed by default
[    0.207001] clocksource: Switched to clocksource kvm-clock
[    0.210727] VFS: Disk quotas dquot_6.6.0
[    0.211275] VFS: Dquot-cache hash table entries: 512 (order 0, 4096 bytes)
[    0.212138] AppArmor: AppArmor Filesystem Enabled
[    0.212205] pnp: PnP ACPI init
[    0.212205] pnp: PnP ACPI: found 3 devices
[    0.220811] clocksource: acpi_pm: mask: 0xffffff max_cycles: 0xffffff, max_idle_ns: 2085701024 ns
[    0.221914] NET: Registered protocol family 2
[    0.222540] IP idents hash table entries: 16384 (order: 5, 131072 bytes)
[    0.223882] TCP established hash table entries: 8192 (order: 4, 65536 bytes)
[    0.224805] TCP bind hash table entries: 8192 (order: 5, 131072 bytes)
[    0.225629] TCP: Hash tables configured (established 8192 bind 8192)
[    0.226403] UDP hash table entries: 512 (order: 2, 16384 bytes)
[    0.227103] UDP-Lite hash table entries: 512 (order: 2, 16384 bytes)
[    0.227869] NET: Registered protocol family 1
[    0.228444] pci 0000:00:00.0: Limiting direct PCI/PCI transfers
[    0.229162] pci 0000:00:01.0: Activating ISA DMA hang workarounds
[    0.229913] pci 0000:00:02.0: Video device with shadowed ROM at [mem 0x000c0000-0x000dffff]
[    0.230974] Unpacking initramfs...
[    0.232436] Freeing initrd memory: 20396K
[    0.232436] clocksource: tsc: mask: 0xffffffffffffffff max_cycles: 0x23fa754787d, max_idle_ns: 440795210092 ns
[    0.232436] platform rtc_cmos: registered platform RTC device (no PNP device found)
[    0.232436] Scanning for low memory corruption every 60 seconds
[    0.444999] Initialise system trusted keyrings
[    0.445632] Key type blacklist registered
[    0.446165] workingset: timestamp_bits=36 max_order=18 bucket_order=0
[    0.447353] zbud: loaded
[    0.448002] squashfs: version 4.0 (2009/01/31) Phillip Lougher
[    0.448774] fuse init (API version 7.26)
[    0.450467] Key type asymmetric registered
[    0.451113] Asymmetric key parser 'x509' registered
[    0.451746] Block layer SCSI generic (bsg) driver version 0.4 loaded (major 246)
[    0.452797] io scheduler noop registered
[    0.453277] io scheduler deadline registered
[    0.453788] io scheduler cfq registered (default)
[    0.454495] ACPI: AC Adapter [AC] (off-line)
[    0.455060] input: Power Button as /devices/LNXSYSTM:00/LNXPWRBN:00/input/input0
[    0.456024] ACPI: Power Button [PWRF]
[    0.456570] input: Sleep Button as /devices/LNXSYSTM:00/LNXSLPBN:00/input/input1
[    0.457529] ACPI: Sleep Button [SLPF]
[    0.458521] ACPI: Battery Slot [BAT0] (battery present)
[    0.459286] Serial: 8250/16550 driver, 32 ports, IRQ sharing enabled
[    0.480483] 00:02: ttyS0 at I/O 0x3f8 (irq = 4, base_baud = 115200) is a 16550A
[    0.482856] Linux agpgart interface v0.103
[    0.484331] loop: module loaded
[    0.485100] scsi host0: ata_piix
[    0.485629] scsi host1: ata_piix
[    0.486087] ata1: PATA max UDMA/33 cmd 0x1f0 ctl 0x3f6 bmdma 0xd000 irq 14
[    0.486902] ata2: PATA max UDMA/33 cmd 0x170 ctl 0x376 bmdma 0xd008 irq 15
[    0.487898] tun: Universal TUN/TAP device driver, 1.6
[    0.488826] PPP generic driver version 2.4.2
[    0.489419] ehci_hcd: USB 2.0 'Enhanced' Host Controller (EHCI) Driver
[    0.490208] ehci-pci: EHCI PCI platform driver
[    0.490785] ehci-platform: EHCI generic platform driver
[    0.491441] ohci_hcd: USB 1.1 'Open' Host Controller (OHCI) Driver
[    0.492213] ohci-pci: OHCI PCI platform driver
[    0.492784] ohci-platform: OHCI generic platform driver
[    0.493441] uhci_hcd: USB Universal Host Controller Interface driver
[    0.494225] i8042: PNP: PS/2 Controller [PNP0303:PS2K,PNP0f03:PS2M] at 0x60,0x64 irq 1,12
[    0.495601] serio: i8042 KBD port at 0x60,0x64 irq 1
[    0.496271] serio: i8042 AUX port at 0x60,0x64 irq 12
[    0.496978] mousedev: PS/2 mouse device common for all mice
[    0.498042] input: AT Translated Set 2 keyboard as /devices/platform/i8042/serio0/input/input2
[    0.499108] rtc_cmos rtc_cmos: rtc core: registered rtc_cmos as rtc0
[    0.499998] rtc_cmos rtc_cmos: alarms up to one day, 114 bytes nvram
[    0.500766] i2c /dev entries driver
[    0.501239] device-mapper: uevent: version 1.0.3
[    0.501886] device-mapper: ioctl: 4.37.0-ioctl (2017-09-20) initialised: dm-devel@redhat.com
[    0.502923] ledtrig-cpu: registered to indicate activity on CPUs
[    0.503885] NET: Registered protocol family 10
[    0.506769] Segment Routing with IPv6
[    0.507272] NET: Registered protocol family 17
[    0.507857] Key type dns_resolver registered
[    0.508498] mce: Using 0 MCE banks
[    0.508965] RAS: Correctable Errors collector initialized.
[    0.509662] sched_clock: Marking stable (508484454, 0)->(627117912, -118633458)
[    0.510782] registered taskstats version 1
[    0.511310] Loading compiled-in X.509 certificates
[    0.513109] Loaded X.509 cert 'Build time autogenerated kernel key: cdc7189136aaa35407544516090e2034d9c28e14'
[    0.514558] Loaded X.509 cert 'Canonical Ltd. Live Patch Signing: 14df34d1a87cf37625abec039ef2bf521249b969'
[    0.516006] Loaded X.509 cert 'Canonical Ltd. Kernel Module Signing: 88f752e560a1e0737e31163a466ad7b70a850c19'
[    0.517252] blacklist: Loading compiled-in revocation X.509 certificates
[    0.518074] Loaded X.509 cert 'Canonical Ltd. Secure Boot Signing: 61482aa2830d0ab2ad5af10b7250da9033ddcef0'
[    0.519306] Loaded X.509 cert 'Canonical Ltd. Secure Boot Signing (2017): 242ade75ac4a15e50d50c84b0d45ff3eae707a03'
[    0.520587] Loaded X.509 cert 'Canonical Ltd. Secure Boot Signing (ESM 2018): 365188c1d374d6b07c3c8f240f8ef722433d6a8b'
[    0.521887] Loaded X.509 cert 'Canonical Ltd. Secure Boot Signing (2019): c0746fd6c5da3ae827864651ad66ae47fe24b3e8'
[    0.523124] Loaded X.509 cert 'Canonical Ltd. Secure Boot Signing (2021 v1): a8d54bbb3825cfb94fa13c9f8a594a195c107b8d'
[    0.524445] Loaded X.509 cert 'Canonical Ltd. Secure Boot Signing (2021 v2): 4cf046892d6fd3c9a5b03f98d845f90851dc6a8c'
[    0.525742] Loaded X.509 cert 'Canonical Ltd. Secure Boot Signing (2021 v3): 100437bb6de6e469b581e61cd66bce3ef4ed53af'
[    0.527032] Loaded X.509 cert 'Canonical Ltd. Secure Boot Signing (Ubuntu Core 2019): c1d57b8f6b743f23ee41f4f7ee292f06eecadfb9'
[    0.528412] zswap: loaded using pool lzo/zbud
[    0.532065] Key type big_key registered
[    0.532621] Key type trusted registered
[    0.534395] Key type encrypted registered
[    0.534986] AppArmor: AppArmor sha1 policy hashing enabled
[    0.535645] ima: No TPM chip found, activating TPM-bypass! (rc=-19)
[    0.536387] ima: Allocated hash algorithm: sha1
[    0.536975] evm: HMAC attrs: 0x1
[    0.537501]   Magic number: 12:958:242
[    0.538044] rtc_cmos rtc_cmos: setting system clock to 2024-10-10 19:13:58 UTC (1728587638)
[    0.539129] BIOS EDD facility v0.16 2004-Jun-25, 0 devices found
[    0.539896] EDD information not available.
[    0.672943] Freeing unused kernel image memory: 2480K
[    0.933558] Write protecting the kernel read-only data: 20480k
[    0.937943] Freeing unused kernel image memory: 2008K
[    0.940245] Freeing unused kernel image memory: 1820K
[    0.943932] x86/mm: Checked W+X mappings: passed, no W+X pages found.
[    0.944735] x86/mm: Checking user space page tables
[    0.948235] x86/mm: Checked W+X mappings: passed, no W+X pages found.
Loading, please wait...
starting version 237
[    0.982681] e1000: Intel(R) PRO/1000 Network Driver - version 7.3.21-k8-NAPI
[    0.983803] e1000: Copyright (c) 1999-2006 Intel Corporation.
[    0.986848] Fusion MPT base driver 3.04.20
[    0.987433] Copyright (c) 1999-2008 LSI Corporation
[    0.993453] Fusion MPT SPI Host driver 3.04.20
[    0.997308] AVX2 version of gcm_enc/dec engaged.
[    0.998060] AES CTR mode by8 optimization enabled
[    1.212330] input: ImExPS/2 Generic Explorer Mouse as /devices/platform/i8042/serio1/input/input4
[    1.339906] e1000 0000:00:03.0 eth0: (PCI:33MHz:32-bit) 02:3b:7b:b7:3b:2d
[    1.340731] e1000 0000:00:03.0 eth0: Intel(R) PRO/1000 Network Connection
[    1.342283] e1000 0000:00:03.0 enp0s3: renamed from eth0
[    1.342593] mptbase: ioc0: Initiating bringup
[    1.453316] ioc0: LSI53C1030 A0: Capabilities={Initiator}
[    1.706584] scsi host2: ioc0: LSI53C1030 A0, FwRev=00000000h, Ports=1, MaxQ=256, IRQ=20
[    1.878324] scsi 2:0:0:0: Direct-Access     VBOX     HARDDISK         1.0  PQ: 0 ANSI: 5
[    2.738344] scsi target2:0:0: Beginning Domain Validation
[    2.745532] scsi target2:0:0: Domain Validation skipping write tests
[    2.746303] scsi target2:0:0: Ending Domain Validation
[    2.746968] scsi target2:0:0: asynchronous
[    2.747653] scsi 2:0:1:0: Direct-Access     VBOX     HARDDISK         1.0  PQ: 0 ANSI: 5
[    3.943904] scsi target2:0:1: Beginning Domain Validation
[    3.950055] scsi target2:0:1: Domain Validation skipping write tests
[    3.953419] scsi target2:0:1: Ending Domain Validation
[    3.956974] scsi target2:0:1: asynchronous
[    3.965125] sd 2:0:0:0: Attached scsi generic sg0 type 0
[    3.967029] sd 2:0:1:0: Attached scsi generic sg1 type 0
[    3.967057] sd 2:0:0:0: [sda] 83886080 512-byte logical blocks: (42.9 GB/40.0 GiB)
[    3.973617] sd 2:0:1:0: [sdb] 20480 512-byte logical blocks: (10.5 MB/10.0 MiB)
[    3.976615] sd 2:0:1:0: [sdb] Write Protect is off
[    3.979166] sd 2:0:0:0: [sda] Write Protect is off
[    3.981580] sd 2:0:1:0: [sdb] Incomplete mode parameter data
[    3.983298] sd 2:0:1:0: [sdb] Assuming drive cache: write through
[    3.985418] sd 2:0:0:0: [sda] Incomplete mode parameter data
[    3.986187] sd 2:0:0:0: [sda] Assuming drive cache: write through
[    3.988937]  sda: sda1
[    3.989839] sd 2:0:1:0: [sdb] Attached SCSI disk
[    3.990492] sd 2:0:0:0: [sda] Attached SCSI disk
Begin: Loading essential drivers ... [    5.379927] raid6: sse2x1   gen() 24060 MB/s
[    5.428013] raid6: sse2x1   xor() 13136 MB/s
[    5.479834] raid6: sse2x2   gen() 29355 MB/s
[    5.535869] raid6: sse2x2   xor() 19277 MB/s
[    5.587808] raid6: sse2x4   gen() 31600 MB/s
[    5.639688] raid6: sse2x4   xor() 14291 MB/s
[    5.688011] raid6: avx2x1   gen() 34532 MB/s
[    5.743819] raid6: avx2x1   xor() 31724 MB/s
[    5.792492] raid6: avx2x2   gen() 40300 MB/s
[    5.848836] raid6: avx2x2   xor() 35147 MB/s
[    5.896130] raid6: avx2x4   gen() 38509 MB/s
[    5.951763] raid6: avx2x4   xor() 17094 MB/s
[    5.952513] raid6: using algorithm avx2x2 gen() 40300 MB/s
[    5.953328] raid6: .... xor() 35147 MB/s, rmw enabled
[    5.954056] raid6: using avx2x2 recovery algorithm
[    5.955680] xor: automatically using best checksumming function   avx       
[    5.958336] async_tx: api initialized (async)
done.
Begin: Running /scripts/init-premount ... done.
Begin: Mounting root file system ... Begin: Running /scripts/local-top ... done.
Begin: Running /scripts/local-premount ... [    5.984673] Btrfs loaded, crc32c=crc32c-intel
Scanning for Btrfs filesystems
done.
Begin: Will now check root file system ... fsck from util-linux 2.31.1
[/sbin/fsck.ext4 (1) -- /dev/sda1] fsck.ext4 -a -C0 /dev/sda1 
cloudimg-rootfs: clean, 115039/5120000 files, 834019/10485499 blocks
done.
[    6.008749] EXT4-fs (sda1): mounted filesystem with ordered data mode. Opts: (null)
done.
Begin: Running /scripts/local-bottom ... done.
Begin: Running /scripts/init-bottom ... done.
[    6.149168] ip_tables: (C) 2000-2006 Netfilter Core Team
[    6.155349] systemd[1]: systemd 237 running in system mode. (+PAM +AUDIT +SELINUX +IMA +APPARMOR +SMACK +SYSVINIT +UTMP +LIBCRYPTSETUP +GCRYPT +GNUTLS +ACL +XZ +LZ4 +SECCOMP +BLKID +ELFUTILS +KMOD -IDN2 +IDN -PCRE2 default-hierarchy=hybrid)
[    6.163548] systemd[1]: Detected virtualization oracle.
[    6.165188] systemd[1]: Detected architecture x86-64.

Welcome to [1mUbuntu 18.04.6 LTS[0m!

[    6.170741] systemd[1]: Set hostname to <ubuntu-bionic>.
[    6.331618] systemd[1]: Reached target System Time Synchronized.
[[0;32m  OK  [0m] Reached target System Time Synchronized.
[    6.333833] systemd[1]: Set up automount Arbitrary Executable File Formats File System Automount Point.
[[0;32m  OK  [0m] Set up automount Arbitrary Executab…rmats File System Automount Point.
[    6.335998] systemd[1]: Reached target User and Group Name Lookups.
[[0;32m  OK  [0m] Reached target User and Group Name Lookups.
[    6.337214] systemd[1]: Reached target Swap.
[[0;32m  OK  [0m] Reached target Swap.
[    6.339255] systemd[1]: Created slice System Slice.
[[0;32m  OK  [0m] Created slice System Slice.
[    6.834512] systemd[1]: Listening on Syslog Socket.
[[0;32m  OK  [0m] Listening on Syslog Socket.
[[0;32m  OK  [0m] Listening on Journal Audit Socket.
[[0;32m  OK  [0m] Listening on Journal Socket.
[[0;32m  OK  [0m] Listening on LVM2 metadata daemon socket.
[[0;32m  OK  [0m] Listening on /dev/initctl Compatibility Named Pipe.
         Starting Set the console keyboard layout...
[[0;32m  OK  [0m] Listening on udev Control Socket.
         Starting Load Kernel Modules...
         Starting Create list of required st…ce nodes for the current kernel...
         Mounting Huge Pages File System...
[[0;32m  OK  [0m] Created slice system-serial\x2dgetty.slice.
         Mounting POSIX Message Queue File System...
         Mounting Kernel Debug File System...
         Starting Uncomplicated firewall...
[    6.881056] Loading iSCSI transport class v2.0-870.
[[0;32m  OK  [0m] Listening on Journal Socket (/dev/log).
[[0;32m  OK  [0m] Listening on fsck to fsckd communication Socket.
[    6.889846] iscsi: registered transport (tcp)
         Starting Journal Service...
[[0;32m  OK  [0m] Listening on Device-mapper event daemon FIFOs.
         Starting Monitoring of LVM2 mirrors…ng dmeventd or progress polling...
[[0;32m  OK  [0m] Reached target Mounting snaps.
[[0;32m  OK  [0m] Reached target Mounted snaps.
[[0;32m  OK  [0m] Listening on Network Service Netlink Socket.
[[0;32m  OK  [0m] Created slice User and Session Slice.
         Starting Remount Root and Kernel File Systems...
[[0;32m  OK  [0m] Started Forward Password Requests to Wall Directory Watch.
[[0;32m  OK  [0m] Reached target Slices.
[[0;32m  OK  [0m] Listening on LVM2 poll daemon socket.
[[0;32m  OK  [0m] Listening on udev Kernel Socket.
         Starting udev Coldplug all Devices...
[[0;32m  OK  [0m] Started Create list of required sta…vice nodes for the current kernel.
[[0;32m  OK  [0m] Started Uncomplicated firewall.
         Starting Create Static Device Nodes in /dev...
[[0;32m  OK  [0m] Started Journal Service.
[[0;32m  OK  [0m] Started LVM2 metadata daemon.
[    6.964562] iscsi: registered transport (iser)
[[0;32m  OK  [0m] Started udev Coldplug all Devices.
[[0;32m  OK  [0m] Started Load Kernel Modules.
         Mounting Kernel Configuration File System...
         Starting Apply Kernel Variables...
         Mounting FUSE Control File System...
[[0;32m  OK  [0m] Mounted Huge Pages File System.
[[0;32m  OK  [0m] Mounted POSIX Message Queue File System.
[[0;32m  OK  [0m] Mounted Kernel Debug File System.
[[0;32m  OK  [0m] Mounted Kernel Configuration File System.
[[0;32m  OK  [0m] Mounted FUSE Control File System.
[[0;32m  OK  [0m] Started Create Static Device Nodes in /dev.
[[0;32m  OK  [0m] Started Remount Root and Kernel File Systems.
         Starting Flush Journal to Persistent Storage...
         Starting udev Kernel Device Manager...
         Starting Load/Save Random Seed...
[[0;32m  OK  [0m] Started Monitoring of LVM2 mirrors,…sing dmeventd or progress polling.
[[0;32m  OK  [0m] Started Load/Save Random Seed.
[[0;32m  OK  [0m] Started udev Kernel Device Manager.
[[0;32m  OK  [0m] Started Apply Kernel Variables.
[[0;32m  OK  [0m] Started Set the console keyboard layout.
[[0;32m  OK  [0m] Reached target Local File Systems (Pre).
[[0;32m  OK  [0m] Reached target Local File Systems.
         Starting Tell Plymouth To Write Out Runtime Data...
         Starting Set console font and keymap...
         Starting AppArmor initialization...
         Starting ebtables ruleset management...
[[0;32m  OK  [0m] Started Dispatch Password Requests to Console Directory Watch.
[[0;32m  OK  [0m] Reached target Local Encrypted Volumes.
[[0;32m  OK  [0m] Started Set console font and keymap.
[[0;32m  OK  [0m] Started Flush Journal to Persistent Storage.
[[0;32m  OK  [0m] Started Tell Plymouth To Write Out Runtime Data.
         Starting Create Volatile Files and Directories...
[[0;32m  OK  [0m] Started Create Volatile Files and Directories.
         Starting Update UTMP about System Boot/Shutdown...
[[0;32m  OK  [0m] Started Update UTMP about System Boot/Shutdown.
[[0;32m  OK  [0m] Started ebtables ruleset management.
[[0;32m  OK  [0m] Found device /dev/ttyS0.
[[0;32m  OK  [0m] Listening on Load/Save RF Kill Switch Status /dev/rfkill Watch.
[[0;32m  OK  [0m] Started AppArmor initialization.
         Starting Load AppArmor profiles managed internally by snapd...
         Starting Initial cloud-init job (pre-networking)...
         Mounting Arbitrary Executable File Formats File System...
[[0;32m  OK  [0m] Mounted Arbitrary Executable File Formats File System.
[[0;32m  OK  [0m] Started Load AppArmor profiles managed internally by snapd.
[    8.062706] cloud-init[580]: Cloud-init v. 23.1.2-0ubuntu0~18.04.1 running 'init-local' at Thu, 10 Oct 2024 19:14:05 +0000. Up 7.94 seconds.
[[0;32m  OK  [0m] Started Initial cloud-init job (pre-networking).
[[0;32m  OK  [0m] Reached target Network (Pre).
         Starting Network Service...
[[0;32m  OK  [0m] Started Network Service.
         Starting Wait for Network to be Configured...
         Starting Network Name Resolution...
[[0;32m  OK  [0m] Started Network Name Resolution.
[[0;32m  OK  [0m] Reached target Host and Network Name Lookups.
[[0;32m  OK  [0m] Reached target Network.
[[0;32m  OK  [0m] Started Wait for Network to be Configured.
         Starting Initial cloud-init job (metadata service crawler)...
[    9.823265] cloud-init[686]: Cloud-init v. 23.1.2-0ubuntu0~18.04.1 running 'init' at Thu, 10 Oct 2024 19:14:07 +0000. Up 9.75 seconds.
[    9.824290] cloud-init[686]: ci-info: ++++++++++++++++++++++++++++++++++++++Net device info++++++++++++++++++++++++++++++++++++++
[    9.825627] cloud-init[686]: ci-info: +--------+------+----------------------------+---------------+--------+-------------------+
[    9.827448] cloud-init[686]: ci-info: | Device |  Up  |          Address           |      Mask     | Scope  |     Hw-Address    |
[    9.828319] cloud-init[686]: ci-info: +--------+------+----------------------------+---------------+--------+-------------------+
[    9.829013] cloud-init[686]: ci-info: | enp0s3 | True |         10.0.2.15          | 255.255.255.0 | global | 02:3b:7b:b7:3b:2d |
[    9.829740] cloud-init[686]: ci-info: | enp0s3 | True | fe80::3b:7bff:feb7:3b2d/64 |       .       |  link  | 02:3b:7b:b7:3b:2d |
[    9.830454] cloud-init[686]: ci-info: |   lo   | True |         127.0.0.1          |   255.0.0.0   |  host  |         .         |
[    9.831179] cloud-init[686]: ci-info: |   lo   | True |          ::1/128           |       .       |  host  |         .         |
[    9.831921] cloud-init[686]: ci-info: +--------+------+----------------------------+---------------+--------+-------------------+
[    9.832630] cloud-init[686]: ci-info: ++++++++++++++++++++++++++++Route IPv4 info+++++++++++++++++++++++++++++
[    9.833278] cloud-init[686]: ci-info: +-------+-------------+----------+-----------------+-----------+-------+
[    9.833947] cloud-init[686]: ci-info: | Route | Destination | Gateway  |     Genmask     | Interface | Flags |
[    9.834576] cloud-init[686]: ci-info: +-------+-------------+----------+-----------------+-----------+-------+
[    9.835213] cloud-init[686]: ci-info: |   0   |   0.0.0.0   | 10.0.2.2 |     0.0.0.0     |   enp0s3  |   UG  |
[    9.835857] cloud-init[686]: ci-info: |   1   |   10.0.2.0  | 0.0.0.0  |  255.255.255.0  |   enp0s3  |   U   |
[    9.836558] cloud-init[686]: ci-info: |   2   |   10.0.2.2  | 0.0.0.0  | 255.255.255.255 |   enp0s3  |   UH  |
[    9.837210] cloud-init[686]: ci-info: +-------+-------------+----------+-----------------+-----------+-------+
[    9.837874] cloud-init[686]: ci-info: +++++++++++++++++++Route IPv6 info+++++++++++++++++++
[    9.838491] cloud-init[686]: ci-info: +-------+-------------+---------+-----------+-------+
[    9.839196] cloud-init[686]: ci-info: | Route | Destination | Gateway | Interface | Flags |
[    9.839894] cloud-init[686]: ci-info: +-------+-------------+---------+-----------+-------+
[    9.840638] cloud-init[686]: ci-info: |   1   |  fe80::/64  |    ::   |   enp0s3  |   U   |
[    9.841979] cloud-init[686]: ci-info: |   3   |    local    |    ::   |   enp0s3  |   U   |
[    9.842680] cloud-init[686]: ci-info: |   4   |   ff00::/8  |    ::   |   enp0s3  |   U   |
[    9.843318] cloud-init[686]: ci-info: +-------+-------------+---------+-----------+-------+
[[0;32m  OK  [0m] Started Initial cloud-init job (metadata service crawler).
[[0;32m  OK  [0m] Reached target Network is Online.
         Starting Availability of block devices...
[[0;32m  OK  [0m] Reached target Remote File Systems (Pre).
         Mounting /vagrant...
[[0;32m  OK  [0m] Reached target System Initialization.
[[0;32m  OK  [0m] Started ACPI Events Check.
[[0;32m  OK  [0m] Started Daily Cleanup of Temporary Directories.
[[0;32m  OK  [0m] Reached target Paths.
[[0;32m  OK  [0m] Listening on cloud-init hotplug hook socket.
[[0;32m  OK  [0m] Started Daily apt download activities.
         Starting LXD - unix socket.
         Starting Socket activation for snappy daemon.
[[0;32m  OK  [0m] Listening on Open-iSCSI iscsid Socket.
[[0;32m  OK  [0m] Listening on UUID daemon activation socket.
[[0;32m  OK  [0m] Listening on D-Bus System Message Bus Socket.
[[0;32m  OK  [0m] Started Message of the Day.
[[0;32m  OK  [0m] Listening on ACPID Listen Socket.
[[0;32m  OK  [0m] Started Discard unused blocks once a week.
[[0;32m  OK  [0m] Started Daily apt upgrade and clean activities.
[[0;32m  OK  [0m] Reached target Timers.
[[0;32m  OK  [0m] Reached target Cloud-config availability.
[[0;32m  OK  [0m] Started Availability of block devices.
[[0;32m  OK  [0m] Listening on LXD - unix socket.
[[0;32m  OK  [0m] Listening on Socket activation for snappy daemon.
[[0;32m  OK  [0m] Reached target Sockets.
[[0;32m  OK  [0m] Reached target Basic System.
[[0;32m  OK  [0m] Started irqbalance daemon.
         Starting OpenBSD Secure Shell server...
[[0;32m  OK  [0m] Started Deferred execution scheduler.
[[0;32m  OK  [0m] Reached target Login Prompts (Pre).
         Starting Login Service...
         Starting System Logging Service...
         Starting Virtualbox guest utils...
         Starting Accounts Service...
         Starting LSB: Record successful boot for GRUB...
         Starting Snap Daemon...
[[0;32m  OK  [0m] Started Regular background program processing daemon.
[[0;32m  OK  [0m] Started FUSE filesystem for LXC.
[[0;32m  OK  [0m] Started D-Bus System Message Bus.
         Starting Dispatcher daemon for systemd-networkd...
         Starting LXD - container startup/shutdown...
[[0;32m  OK  [0m] Started System Logging Service.
[[0;32m  OK  [0m] Mounted /vagrant.
[[0;32m  OK  [0m] Started Login Service.
[[0;32m  OK  [0m] Started OpenBSD Secure Shell server.
[[0;32m  OK  [0m] Started Unattended Upgrades Shutdown.
[[0;32m  OK  [0m] Reached target Remote File Systems.
         Starting Permit User Sessions...
         Starting LSB: automatic crash report generation...
[[0;32m  OK  [0m] Started Permit User Sessions.
         Starting Hold until boot process finishes up...
         Starting Terminate Plymouth Boot Screen...
         Starting Authorization Manager...
[[0;32m  OK  [0m] Started Hold until boot process finishes up.
         Starting Set console scheme...
[[0;32m  OK  [0m] Started Serial Getty on ttyS0.
[[0;32m  OK  [0m] Started Terminate Plymouth Boot Screen.
[[0;32m  OK  [0m] Started LSB: Record successful boot for GRUB.
[[0;32m  OK  [0m] Started Virtualbox guest utils.
[[0;32m  OK  [0m] Started Authorization Manager.
[[0;32m  OK  [0m] Started Accounts Service.
[[0;32m  OK  [0m] Started Set console scheme.
[[0;32m  OK  [0m] Created slice system-getty.slice.
[[0;32m  OK  [0m] Started Getty on tty1.
[[0;32m  OK  [0m] Reached target Login Prompts.
[[0;32m  OK  [0m] Started LXD - container startup/shutdown.
[[0;32m  OK  [0m] Started LSB: automatic crash report generation.
[[0;32m  OK  [0m] Started Snap Daemon.
         Starting Wait until snapd is fully seeded...
         Starting Time & Date Service...
[[0;32m  OK  [0m] Started Dispatcher daemon for systemd-networkd.
[[0;32m  OK  [0m] Started Time & Date Service.
[[0;32m  OK  [0m] Started Wait until snapd is fully seeded.
[[0;32m  OK  [0m] Reached target Multi-User System.
[[0;32m  OK  [0m] Reached target Graphical Interface.
         Starting Update UTMP about System Runlevel Changes...
         Starting Apply the settings specified in cloud-config...
[[0;32m  OK  [0m] Started Update UTMP about System Runlevel Changes.
[   11.083691] cloud-init[1195]: Cloud-init v. 23.1.2-0ubuntu0~18.04.1 running 'modules:config' at Thu, 10 Oct 2024 19:14:08 +0000. Up 11.02 seconds.
[[0;32m  OK  [0m] Started Apply the settings specified in cloud-config.
         Starting Execute cloud user/final scripts...
[   11.396914] cloud-init[1239]: Cloud-init v. 23.1.2-0ubuntu0~18.04.1 running 'modules:final' at Thu, 10 Oct 2024 19:14:09 +0000. Up 11.32 seconds.
[   11.408408] cloud-init[1239]: Cloud-init v. 23.1.2-0ubuntu0~18.04.1 finished at Thu, 10 Oct 2024 19:14:09 +0000. Datasource DataSourceNoCloud [seed=/dev/sdb][dsmode=net].  Up 11.39 seconds
[[0;32m  OK  [0m] Started Execute cloud user/final scripts.
[[0;32m  OK  [0m] Reached target Cloud-init target.

Ubuntu 18.04.6 LTS ubuntu-bionic ttyS0

ubuntu-bionic login:                                                                                                                                                                                                                                                                                                                                                                        Stopping Authorization Manager...
         Stopping Session 3 of user vagrant.
         Stopping User Manager for UID 1000...
[[0;32m  OK  [0m] Stopped target Cloud-init target.
[[0;32m  OK  [0m] Stopped Execute cloud user/final scripts.
[[0;32m  OK  [0m] Stopped Apply the settings specified in cloud-config.
         Stopping Availability of block devices...
[[0;32m  OK  [0m] Stopped target Host and Network Name Lookups.
[[0;32m  OK  [0m] Stopped target Timers.
[[0;32m  OK  [0m] Stopped Daily Cleanup of Temporary Directories.
[[0;32m  OK  [0m] Stopped Message of the Day.
[[0;32m  OK  [0m] Stopped Discard unused blocks once a week.
[[0;32m  OK  [0m] Stopped Daily apt upgrade and clean activities.
[[0;32m  OK  [0m] Stopped Daily apt download activities.
[[0;32m  OK  [0m] Stopped target System Time Synchronized.
[[0;32m  OK  [0m] Closed Load/Save RF Kill Switch Status /dev/rfkill Watch.
[[0;32m  OK  [0m] Stopped target Graphical Interface.
[[0;32m  OK  [0m] Stopped target Multi-User System.
         Stopping Virtualbox guest utils...
         Stopping Unattended Upgrades Shutdown...
         Stopping Deferred execution scheduler...
         Stopping FUSE filesystem for LXC...
[[0;32m  OK  [0m] Stopped target Login Prompts.
         Stopping Serial Getty on ttyS0...
         Stopping Getty on tty1...
         Stopping System Logging Service...
         Stopping OpenBSD Secure Shell server...
         Stopping Dispatcher daemon for systemd-networkd...
         Stopping irqbalance daemon...
         Stopping LXD - container startup/shutdown...
         Stopping Regular background program processing daemon...
[[0;32m  OK  [0m] Stopped Wait until snapd is fully seeded.
         Stopping D-Bus System Message Bus...
         Stopping Accounts Service...
         Stopping LSB: automatic crash report generation...
         Stopping LSB: Record successful boot for GRUB...
[[0;32m  OK  [0m] Stopped target Cloud-config availability.
[[0;32m  OK  [0m] Unmounted /var/lib/lxcfs.
[[0;32m  OK  [0m] Stopped irqbalance daemon.
[[0;32m  OK  [0m] Stopped Dispatcher daemon for systemd-networkd.
[[0;32m  OK  [0m] Stopped Accounts Service.
[[0;32m  OK  [0m] Stopped System Logging Service.
[[0;32m  OK  [0m] Stopped Regular background program processing daemon.
[[0;32m  OK  [0m] Stopped Deferred execution scheduler.
[[0;32m  OK  [0m] Stopped OpenBSD Secure Shell server.
[[0;32m  OK  [0m] Stopped Authorization Manager.
[[0;32m  OK  [0m] Stopped Serial Getty on ttyS0.
[[0;32m  OK  [0m] Stopped Unattended Upgrades Shutdown.
[[0;32m  OK  [0m] Stopped Getty on tty1.
[[0;32m  OK  [0m] Stopped User Manager for UID 1000.
[[0;32m  OK  [0m] Stopped D-Bus System Message Bus.
[[0;32m  OK  [0m] Stopped Session 3 of user vagrant.
[[0;32m  OK  [0m] Removed slice User Slice of vagrant.
[[0;32m  OK  [0m] Removed slice system-getty.slice.
         Stopping Login Service...
[[0;32m  OK  [0m] Removed slice system-serial\x2dgetty.slice.
[[0;32m  OK  [0m] Stopped target Login Prompts (Pre).
         Stopping Permit User Sessions...
[[0;32m  OK  [0m] Stopped LXD - container startup/shutdown.
[[0;32m  OK  [0m] Stopped Availability of block devices.
[[0;32m  OK  [0m] Stopped FUSE filesystem for LXC.
[[0;32m  OK  [0m] Stopped Permit User Sessions.
[[0;32m  OK  [0m] Stopped Login Service.
[[0;32m  OK  [0m] Stopped target User and Group Name Lookups.
[[0;32m  OK  [0m] Stopped LSB: Record successful boot for GRUB.
[[0;32m  OK  [0m] Stopped LSB: automatic crash report generation.
[[0;32m  OK  [0m] Stopped target Remote File Systems.
         Unmounting /vagrant...
[[0;32m  OK  [0m] Stopped Virtualbox guest utils.
[[0;32m  OK  [0m] Stopped target Basic System.
[[0;32m  OK  [0m] Stopped target Sockets.
[[0;32m  OK  [0m] Closed Syslog Socket.
[[0;32m  OK  [0m] Closed UUID daemon activation socket.
[[0;32m  OK  [0m] Closed ACPID Listen Socket.
[[0;32m  OK  [0m] Closed Open-iSCSI iscsid Socket.
[[0;32m  OK  [0m] Closed D-Bus System Message Bus Socket.
[[0;32m  OK  [0m] Closed LXD - unix socket.
[[0;32m  OK  [0m] Closed cloud-init hotplug hook socket.
[[0;32m  OK  [0m] Closed Socket activation for snappy daemon.
[[0;32m  OK  [0m] Stopped target Paths.
[[0;32m  OK  [0m] Stopped ACPI Events Check.
[[0;32m  OK  [0m] Stopped target Slices.
[[0;32m  OK  [0m] Removed slice User and Session Slice.
[[0;32m  OK  [0m] Stopped target System Initialization.
         Stopping Load/Save Random Seed...
         Stopping Update UTMP about System Boot/Shutdown...
[[0;32m  OK  [0m] Stopped target Local Encrypted Volumes.
[[0;32m  OK  [0m] Stopped Dispatch Password Requests to Console Directory Watch.
[[0;32m  OK  [0m] Stopped Forward Password Requests to Wall Directory Watch.
[[0;32m  OK  [0m] Stopped Load/Save Random Seed.
[[0;32m  OK  [0m] Stopped Update UTMP about System Boot/Shutdown.
[[0;32m  OK  [0m] Unmounted /vagrant.
[[0;32m  OK  [0m] Stopped target Network is Online.
[[0;32m  OK  [0m] Stopped Initial cloud-init job (metadata service crawler).
[[0;32m  OK  [0m] Stopped Wait for Network to be Configured.
[[0;32m  OK  [0m] Stopped target Remote File Systems (Pre).
[[0;32m  OK  [0m] Stopped target Network.
         Stopping Network Name Resolution...
[[0;32m  OK  [0m] Stopped Network Name Resolution.
[[0;32m  OK  [0m] Stopped Create Volatile Files and Directories.
[[0;32m  OK  [0m] Stopped target Local File Systems.
[[0;32m  OK  [0m] Stopped target Mounted snaps.
[[0;32m  OK  [0m] Stopped target Mounting snaps.
         Unmounting /run/user/1000...
         Stopping Network Service...
[[0;32m  OK  [0m] Unmounted /run/user/1000.
[[0;32m  OK  [0m] Reached target Unmount All Filesystems.
[[0;32m  OK  [0m] Stopped target Swap.
[[0;32m  OK  [0m] Stopped target Local File Systems (Pre).
[[0;32m  OK  [0m] Stopped Create Static Device Nodes in /dev.
         Stopping Monitoring of LVM2 mirrors…ng dmeventd or progress polling...
[[0;32m  OK  [0m] Stopped Network Service.
[[0;32m  OK  [0m] Stopped Apply Kernel Variables.
[[0;32m  OK  [0m] Stopped Load Kernel Modules.
[[0;32m  OK  [0m] Stopped target Network (Pre).
[[0;32m  OK  [0m] Stopped Initial cloud-init job (pre-networking).
[[0;32m  OK  [0m] Stopped Remount Root and Kernel File Systems.
[[0;32m  OK  [0m] Reached target Shutdown.
[[0;32m  OK  [0m] Reached target Final Step.
         Starting Reboot...
[[0;32m  OK  [0m] Stopped Monitoring of LVM2 mirrors,…sing dmeventd or progress polling.
         Stopping LVM2 metadata daemon...
[ 1537.104750] reboot: Restarting system
[    0.000000] Linux version 4.15.0-213-generic (buildd@lcy02-amd64-079) (gcc version 7.5.0 (Ubuntu 7.5.0-3ubuntu1~18.04)) #224-Ubuntu SMP Mon Jun 19 13:30:12 UTC 2023 (Ubuntu 4.15.0-213.224-generic 4.15.18)
[    0.000000] Command line: BOOT_IMAGE=/boot/vmlinuz-4.15.0-213-generic root=UUID=f685bb41-0e3b-40c4-89c1-eea0f0583525 ro console=tty1 console=ttyS0
[    0.000000] KERNEL supported cpus:
[    0.000000]   Intel GenuineIntel
[    0.000000]   AMD AuthenticAMD
[    0.000000]   Centaur CentaurHauls
[    0.000000] x86/fpu: Supporting XSAVE feature 0x001: 'x87 floating point registers'
[    0.000000] x86/fpu: Supporting XSAVE feature 0x002: 'SSE registers'
[    0.000000] x86/fpu: Supporting XSAVE feature 0x004: 'AVX registers'
[    0.000000] x86/fpu: xstate_offset[2]:  576, xstate_sizes[2]:  256
[    0.000000] x86/fpu: Enabled xstate features 0x7, context size is 832 bytes, using 'standard' format.
[    0.000000] e820: BIOS-provided physical RAM map:
[    0.000000] BIOS-e820: [mem 0x0000000000000000-0x000000000009fbff] usable
[    0.000000] BIOS-e820: [mem 0x000000000009fc00-0x000000000009ffff] reserved
[    0.000000] BIOS-e820: [mem 0x00000000000f0000-0x00000000000fffff] reserved
[    0.000000] BIOS-e820: [mem 0x0000000000100000-0x000000003ffeffff] usable
[    0.000000] BIOS-e820: [mem 0x000000003fff0000-0x000000003fffffff] ACPI data
[    0.000000] BIOS-e820: [mem 0x00000000fec00000-0x00000000fec00fff] reserved
[    0.000000] BIOS-e820: [mem 0x00000000fee00000-0x00000000fee00fff] reserved
[    0.000000] BIOS-e820: [mem 0x00000000fffc0000-0x00000000ffffffff] reserved
[    0.000000] NX (Execute Disable) protection: active
[    0.000000] SMBIOS 2.5 present.
[    0.000000] DMI: innotek GmbH VirtualBox/VirtualBox, BIOS VirtualBox 12/01/2006
[    0.000000] Hypervisor detected: KVM
[    0.000000] e820: last_pfn = 0x3fff0 max_arch_pfn = 0x400000000
[    0.000000] MTRR: Disabled
[    0.000000] x86/PAT: MTRRs disabled, skipping PAT initialization too.
[    0.000000] CPU MTRRs all blank - virtualized system.
[    0.000000] x86/PAT: Configuration [0-7]: WB  WT  UC- UC  WB  WT  UC- UC  
[    0.000000] found SMP MP-table at [mem 0x0009fff0-0x0009ffff]
[    0.000000] Scanning 1 areas for low memory corruption
[    0.000000] RAMDISK: [mem 0x35819000-0x36c03fff]
[    0.000000] ACPI: Early table checksum verification disabled
[    0.000000] ACPI: RSDP 0x00000000000E0000 000024 (v02 VBOX  )
[    0.000000] ACPI: XSDT 0x000000003FFF0030 00003C (v01 VBOX   VBOXXSDT 00000001 ASL  00000061)
[    0.000000] ACPI: FACP 0x000000003FFF00F0 0000F4 (v04 VBOX   VBOXFACP 00000001 ASL  00000061)
[    0.000000] ACPI: DSDT 0x000000003FFF0610 002353 (v02 VBOX   VBOXBIOS 00000002 INTL 20200925)
[    0.000000] ACPI: FACS 0x000000003FFF0200 000040
[    0.000000] ACPI: FACS 0x000000003FFF0200 000040
[    0.000000] ACPI: APIC 0x000000003FFF0240 00005C (v02 VBOX   VBOXAPIC 00000001 ASL  00000061)
[    0.000000] ACPI: SSDT 0x000000003FFF02A0 00036C (v01 VBOX   VBOXCPUT 00000002 INTL 20200925)
[    0.000000] ACPI: Reserving FACP table memory at [mem 0x3fff00f0-0x3fff01e3]
[    0.000000] ACPI: Reserving DSDT table memory at [mem 0x3fff0610-0x3fff2962]
[    0.000000] ACPI: Reserving FACS table memory at [mem 0x3fff0200-0x3fff023f]
[    0.000000] ACPI: Reserving FACS table memory at [mem 0x3fff0200-0x3fff023f]
[    0.000000] ACPI: Reserving APIC table memory at [mem 0x3fff0240-0x3fff029b]
[    0.000000] ACPI: Reserving SSDT table memory at [mem 0x3fff02a0-0x3fff060b]
[    0.000000] No NUMA configuration found
[    0.000000] Faking a node at [mem 0x0000000000000000-0x000000003ffeffff]
[    0.000000] NODE_DATA(0) allocated [mem 0x3ffc5000-0x3ffeffff]
[    0.000000] kvm-clock: cpu 0, msr 0:3ff44001, primary cpu clock
[    0.000000] kvm-clock: Using msrs 4b564d01 and 4b564d00
[    0.000000] kvm-clock: using sched offset of 3104528312 cycles
[    0.000000] clocksource: kvm-clock: mask: 0xffffffffffffffff max_cycles: 0x1cd42e4dffb, max_idle_ns: 881590591483 ns
[    0.000000] Zone ranges:
[    0.000000]   DMA      [mem 0x0000000000001000-0x0000000000ffffff]
[    0.000000]   DMA32    [mem 0x0000000001000000-0x000000003ffeffff]
[    0.000000]   Normal   empty
[    0.000000]   Device   empty
[    0.000000] Movable zone start for each node
[    0.000000] Early memory node ranges
[    0.000000]   node   0: [mem 0x0000000000001000-0x000000000009efff]
[    0.000000]   node   0: [mem 0x0000000000100000-0x000000003ffeffff]
[    0.000000] Reserved but unavailable: 104 pages
[    0.000000] Initmem setup node 0 [mem 0x0000000000001000-0x000000003ffeffff]
[    0.000000] ACPI: PM-Timer IO Port: 0x4008
[    0.000000] IOAPIC[0]: apic_id 2, version 32, address 0xfec00000, GSI 0-23
[    0.000000] ACPI: INT_SRC_OVR (bus 0 bus_irq 0 global_irq 2 dfl dfl)
[    0.000000] ACPI: INT_SRC_OVR (bus 0 bus_irq 9 global_irq 9 low level)
[    0.000000] Using ACPI (MADT) for SMP configuration information
[    0.000000] smpboot: Allowing 2 CPUs, 0 hotplug CPUs
[    0.000000] PM: Registered nosave memory: [mem 0x00000000-0x00000fff]
[    0.000000] PM: Registered nosave memory: [mem 0x0009f000-0x0009ffff]
[    0.000000] PM: Registered nosave memory: [mem 0x000a0000-0x000effff]
[    0.000000] PM: Registered nosave memory: [mem 0x000f0000-0x000fffff]
[    0.000000] e820: [mem 0x40000000-0xfebfffff] available for PCI devices
[    0.000000] Booting paravirtualized kernel on KVM
[    0.000000] clocksource: refined-jiffies: mask: 0xffffffff max_cycles: 0xffffffff, max_idle_ns: 7645519600211568 ns
[    0.000000] setup_percpu: NR_CPUS:8192 nr_cpumask_bits:2 nr_cpu_ids:2 nr_node_ids:1
[    0.000000] percpu: Embedded 50 pages/cpu s167936 r8192 d28672 u1048576
[    0.000000] PV qspinlock hash table entries: 256 (order: 0, 4096 bytes)
[    0.000000] Built 1 zonelists, mobility grouping on.  Total pages: 257913
[    0.000000] Policy zone: DMA32
[    0.000000] Kernel command line: BOOT_IMAGE=/boot/vmlinuz-4.15.0-213-generic root=UUID=f685bb41-0e3b-40c4-89c1-eea0f0583525 ro console=tty1 console=ttyS0
[    0.000000] Memory: 981776K/1048120K available (12300K kernel code, 2477K rwdata, 4324K rodata, 2480K init, 2720K bss, 66344K reserved, 0K cma-reserved)
[    0.000000] SLUB: HWalign=64, Order=0-3, MinObjects=0, CPUs=2, Nodes=1
[    0.000000] Kernel/User page tables isolation: enabled
[    0.000000] ftrace: allocating 39508 entries in 155 pages
[    0.004000] Hierarchical RCU implementation.
[    0.004000] 	RCU restricting CPUs from NR_CPUS=8192 to nr_cpu_ids=2.
[    0.004000] 	Tasks RCU enabled.
[    0.004000] RCU: Adjusting geometry for rcu_fanout_leaf=16, nr_cpu_ids=2
[    0.004000] NR_IRQS: 524544, nr_irqs: 440, preallocated irqs: 16
[    0.004000] random: crng init done
[    0.004000] Console: colour VGA+ 80x25
[    0.004000] console [tty1] enabled
[    0.004000] console [ttyS0] enabled
[    0.004000] ACPI: Core revision 20170831
[    0.004000] ACPI: 2 ACPI AML tables successfully acquired and loaded
[    0.004000] APIC: Switch to symmetric I/O mode setup
[    0.004000] x2apic enabled
[    0.004000] Switched APIC routing to physical x2apic.
[    0.004000] ..TIMER: vector=0x30 apic1=0 pin1=2 apic2=-1 pin2=-1
[    0.004000] tsc: Detected 2495.998 MHz processor
[    0.004000] Calibrating delay loop (skipped) preset value.. 4991.99 BogoMIPS (lpj=9983992)
[    0.004000] pid_max: default: 32768 minimum: 301
[    0.004000] Security Framework initialized
[    0.004000] Yama: becoming mindful.
[    0.004000] AppArmor: AppArmor initialized
[    0.004000] Dentry cache hash table entries: 131072 (order: 8, 1048576 bytes)
[    0.004000] Inode-cache hash table entries: 65536 (order: 7, 524288 bytes)
[    0.004000] Mount-cache hash table entries: 2048 (order: 2, 16384 bytes)
[    0.004000] Mountpoint-cache hash table entries: 2048 (order: 2, 16384 bytes)
[    0.004000] Last level iTLB entries: 4KB 0, 2MB 0, 4MB 0
[    0.004000] Last level dTLB entries: 4KB 0, 2MB 0, 4MB 0, 1GB 0
[    0.004000] Spectre V1 : Mitigation: usercopy/swapgs barriers and __user pointer sanitization
[    0.004000] Spectre V2 : Mitigation: Retpolines
[    0.004000] Spectre V2 : Spectre v2 / SpectreRSB mitigation: Filling RSB on context switch
[    0.004000] Spectre V2 : Spectre v2 / SpectreRSB : Filling RSB on VMEXIT
[    0.004000] Speculative Store Bypass: Vulnerable
[    0.004000] MDS: Mitigation: Clear CPU buffers
[    0.004146] Freeing SMP alternatives memory: 36K
[    0.119931] smpboot: CPU0: 12th Gen Intel(R) Core(TM) i5-1235U (family: 0x6, model: 0x9a, stepping: 0x4)
[    0.120000] Performance Events: unsupported p6 CPU model 154 no PMU driver, software events only.
[    0.120000] Hierarchical SRCU implementation.
[    0.120000] NMI watchdog: Perf event create on CPU 0 failed with -2
[    0.120001] NMI watchdog: Perf NMI watchdog permanently disabled
[    0.120904] smp: Bringing up secondary CPUs ...
[    0.121590] x86: Booting SMP configuration:
[    0.122115] .... node  #0, CPUs:      #1
[    0.004000] kvm-clock: cpu 1, msr 0:3ff44041, secondary cpu clock
[    0.124022] smp: Brought up 1 node, 2 CPUs
[    0.124562] smpboot: Max logical packages: 1
[    0.125102] smpboot: Total of 2 processors activated (9983.99 BogoMIPS)
[    0.125957] devtmpfs: initialized
[    0.128037] x86/mm: Memory block size: 128MB
[    0.128650] evm: security.selinux
[    0.129084] evm: security.SMACK64
[    0.129519] evm: security.SMACK64EXEC
[    0.129979] evm: security.SMACK64TRANSMUTE
[    0.130494] evm: security.SMACK64MMAP
[    0.130957] evm: security.apparmor
[    0.131394] evm: security.ima
[    0.131790] evm: security.capability
[    0.132040] clocksource: jiffies: mask: 0xffffffff max_cycles: 0xffffffff, max_idle_ns: 7645041785100000 ns
[    0.133157] futex hash table entries: 512 (order: 3, 32768 bytes)
[    0.133916] pinctrl core: initialized pinctrl subsystem
[    0.134633] RTC time: 19:38:32, date: 10/10/24
[    0.135285] NET: Registered protocol family 16
[    0.136033] audit: initializing netlink subsys (disabled)
[    0.136711] audit: type=2000 audit(1728589117.177:1): state=initialized audit_enabled=0 res=1
[    0.136711] cpuidle: using governor ladder
[    0.136711] cpuidle: using governor menu
[    0.140026] ACPI: bus type PCI registered
[    0.140536] acpiphp: ACPI Hot Plug PCI Controller Driver version: 0.5
[    0.141357] PCI: Using configuration type 1 for base access
[    0.142064] HugeTLB registered 2.00 MiB page size, pre-allocated 0 pages
[    0.142064] ACPI: Added _OSI(Module Device)
[    0.144004] ACPI: Added _OSI(Processor Device)
[    0.144559] ACPI: Added _OSI(3.0 _SCP Extensions)
[    0.145134] ACPI: Added _OSI(Processor Aggregator Device)
[    0.145814] ACPI: Added _OSI(Linux-Dell-Video)
[    0.146368] ACPI: Added _OSI(Linux-Lenovo-NV-HDMI-Audio)
[    0.147025] ACPI: Added _OSI(Linux-HPI-Hybrid-Graphics)
[    0.148180] ACPI: Executed 1 blocks of module-level executable AML code
[    0.150759] ACPI: Interpreter enabled
[    0.151287] ACPI: (supports S0 S5)
[    0.151738] ACPI: Using IOAPIC for interrupt routing
[    0.152120] PCI: Using host bridge windows from ACPI; if necessary, use "pci=nocrs" and report a bug
[    0.153297] ACPI: Enabled 2 GPEs in block 00 to 07
[    0.157560] ACPI: PCI Root Bridge [PCI0] (domain 0000 [bus 00-ff])
[    0.158350] acpi PNP0A03:00: _OSC: OS supports [ASPM ClockPM Segments MSI]
[    0.159420] acpi PNP0A03:00: _OSC: not requesting OS control; OS requires [ExtendedConfig ASPM ClockPM MSI]
[    0.160007] acpi PNP0A03:00: fail to add MMCONFIG information, can't access extended PCI configuration space under this bridge.
[    0.161580] PCI host bridge to bus 0000:00
[    0.162131] pci_bus 0000:00: root bus resource [io  0x0000-0x0cf7 window]
[    0.162970] pci_bus 0000:00: root bus resource [io  0x0d00-0xffff window]
[    0.164002] pci_bus 0000:00: root bus resource [mem 0x000a0000-0x000bffff window]
[    0.164922] pci_bus 0000:00: root bus resource [mem 0x40000000-0xfdffffff window]
[    0.166319] pci_bus 0000:00: root bus resource [bus 00-ff]
[    0.168382] pci 0000:00:01.1: legacy IDE quirk: reg 0x10: [io  0x01f0-0x01f7]
[    0.169249] pci 0000:00:01.1: legacy IDE quirk: reg 0x14: [io  0x03f6]
[    0.170026] pci 0000:00:01.1: legacy IDE quirk: reg 0x18: [io  0x0170-0x0177]
[    0.170868] pci 0000:00:01.1: legacy IDE quirk: reg 0x1c: [io  0x0376]
[    0.180482] pci 0000:00:07.0: quirk: [io  0x4000-0x403f] claimed by PIIX4 ACPI
[    0.181436] pci 0000:00:07.0: quirk: [io  0x4100-0x410f] claimed by PIIX4 SMB
[    0.185120] ACPI: PCI Interrupt Link [LNKA] (IRQs 5 9 10 *11)
[    0.186020] ACPI: PCI Interrupt Link [LNKB] (IRQs 5 9 *10 11)
[    0.186805] ACPI: PCI Interrupt Link [LNKC] (IRQs 5 *9 10 11)
[    0.187569] ACPI: PCI Interrupt Link [LNKD] (IRQs 5 9 10 *11)
[    0.188184] SCSI subsystem initialized
[    0.188746] pci 0000:00:02.0: vgaarb: setting as boot VGA device
[    0.188771] pci 0000:00:02.0: vgaarb: VGA device added: decodes=io+mem,owns=io+mem,locks=none
[    0.189731] pci 0000:00:02.0: vgaarb: bridge control possible
[    0.190343] vgaarb: loaded
[    0.190680] ACPI: bus type USB registered
[    0.192013] usbcore: registered new interface driver usbfs
[    0.192604] usbcore: registered new interface driver hub
[    0.193178] usbcore: registered new device driver usb
[    0.193752] EDAC MC: Ver: 3.0.0
[    0.193752] PCI: Using ACPI for IRQ routing
[    0.193752] NetLabel: Initializing
[    0.193752] NetLabel:  domain hash size = 128
[    0.196007] NetLabel:  protocols = UNLABELED CIPSOv4 CALIPSO
[    0.196625] NetLabel:  unlabeled traffic allowed by default
[    0.197225] clocksource: Switched to clocksource kvm-clock
[    0.202281] VFS: Disk quotas dquot_6.6.0
[    0.202764] VFS: Dquot-cache hash table entries: 512 (order 0, 4096 bytes)
[    0.203551] AppArmor: AppArmor Filesystem Enabled
[    0.204011] pnp: PnP ACPI init
[    0.204011] pnp: PnP ACPI: found 3 devices
[    0.211839] clocksource: acpi_pm: mask: 0xffffff max_cycles: 0xffffff, max_idle_ns: 2085701024 ns
[    0.212052] NET: Registered protocol family 2
[    0.212052] IP idents hash table entries: 16384 (order: 5, 131072 bytes)
[    0.214220] TCP established hash table entries: 8192 (order: 4, 65536 bytes)
[    0.215135] TCP bind hash table entries: 8192 (order: 5, 131072 bytes)
[    0.215935] TCP: Hash tables configured (established 8192 bind 8192)
[    0.216717] UDP hash table entries: 512 (order: 2, 16384 bytes)
[    0.217419] UDP-Lite hash table entries: 512 (order: 2, 16384 bytes)
[    0.218189] NET: Registered protocol family 1
[    0.218741] pci 0000:00:00.0: Limiting direct PCI/PCI transfers
[    0.219471] pci 0000:00:01.0: Activating ISA DMA hang workarounds
[    0.220218] pci 0000:00:02.0: Video device with shadowed ROM at [mem 0x000c0000-0x000dffff]
[    0.220694] Unpacking initramfs...
[    0.220694] Freeing initrd memory: 20396K
[    0.220694] clocksource: tsc: mask: 0xffffffffffffffff max_cycles: 0x23fa754787d, max_idle_ns: 440795210092 ns
[    0.220694] platform rtc_cmos: registered platform RTC device (no PNP device found)
[    0.220694] Scanning for low memory corruption every 60 seconds
[    0.428858] Initialise system trusted keyrings
[    0.429466] Key type blacklist registered
[    0.430047] workingset: timestamp_bits=36 max_order=18 bucket_order=0
[    0.431294] zbud: loaded
[    0.431972] squashfs: version 4.0 (2009/01/31) Phillip Lougher
[    0.432839] fuse init (API version 7.26)
[    0.434559] Key type asymmetric registered
[    0.435095] Asymmetric key parser 'x509' registered
[    0.435702] Block layer SCSI generic (bsg) driver version 0.4 loaded (major 246)
[    0.436808] io scheduler noop registered
[    0.437318] io scheduler deadline registered
[    0.437880] io scheduler cfq registered (default)
[    0.438627] ACPI: AC Adapter [AC] (off-line)
[    0.439196] input: Power Button as /devices/LNXSYSTM:00/LNXPWRBN:00/input/input0
[    0.440167] ACPI: Power Button [PWRF]
[    0.440684] input: Sleep Button as /devices/LNXSYSTM:00/LNXSLPBN:00/input/input1
[    0.441599] ACPI: Sleep Button [SLPF]
[    0.442587] ACPI: Battery Slot [BAT0] (battery present)
[    0.443326] Serial: 8250/16550 driver, 32 ports, IRQ sharing enabled
[    0.464594] 00:02: ttyS0 at I/O 0x3f8 (irq = 4, base_baud = 115200) is a 16550A
[    0.466963] Linux agpgart interface v0.103
[    0.468325] loop: module loaded
[    0.469077] scsi host0: ata_piix
[    0.469588] scsi host1: ata_piix
[    0.470019] ata1: PATA max UDMA/33 cmd 0x1f0 ctl 0x3f6 bmdma 0xd000 irq 14
[    0.470822] ata2: PATA max UDMA/33 cmd 0x170 ctl 0x376 bmdma 0xd008 irq 15
[    0.471805] tun: Universal TUN/TAP device driver, 1.6
[    0.472732] PPP generic driver version 2.4.2
[    0.473342] ehci_hcd: USB 2.0 'Enhanced' Host Controller (EHCI) Driver
[    0.474117] ehci-pci: EHCI PCI platform driver
[    0.474676] ehci-platform: EHCI generic platform driver
[    0.475311] ohci_hcd: USB 1.1 'Open' Host Controller (OHCI) Driver
[    0.476054] ohci-pci: OHCI PCI platform driver
[    0.476608] ohci-platform: OHCI generic platform driver
[    0.477258] uhci_hcd: USB Universal Host Controller Interface driver
[    0.478038] i8042: PNP: PS/2 Controller [PNP0303:PS2K,PNP0f03:PS2M] at 0x60,0x64 irq 1,12
[    0.479409] serio: i8042 KBD port at 0x60,0x64 irq 1
[    0.480047] serio: i8042 AUX port at 0x60,0x64 irq 12
[    0.480757] mousedev: PS/2 mouse device common for all mice
[    0.481819] input: AT Translated Set 2 keyboard as /devices/platform/i8042/serio0/input/input2
[    0.482900] rtc_cmos rtc_cmos: rtc core: registered rtc_cmos as rtc0
[    0.483787] rtc_cmos rtc_cmos: alarms up to one day, 114 bytes nvram
[    0.484604] i2c /dev entries driver
[    0.485083] device-mapper: uevent: version 1.0.3
[    0.485700] device-mapper: ioctl: 4.37.0-ioctl (2017-09-20) initialised: dm-devel@redhat.com
[    0.486722] ledtrig-cpu: registered to indicate activity on CPUs
[    0.487676] NET: Registered protocol family 10
[    0.491238] Segment Routing with IPv6
[    0.491747] NET: Registered protocol family 17
[    0.492349] Key type dns_resolver registered
[    0.493066] mce: Using 0 MCE banks
[    0.493533] RAS: Correctable Errors collector initialized.
[    0.494220] sched_clock: Marking stable (493052208, 0)->(607694520, -114642312)
[    0.495421] registered taskstats version 1
[    0.495950] Loading compiled-in X.509 certificates
[    0.497853] Loaded X.509 cert 'Build time autogenerated kernel key: cdc7189136aaa35407544516090e2034d9c28e14'
[    0.499413] Loaded X.509 cert 'Canonical Ltd. Live Patch Signing: 14df34d1a87cf37625abec039ef2bf521249b969'
[    0.500905] Loaded X.509 cert 'Canonical Ltd. Kernel Module Signing: 88f752e560a1e0737e31163a466ad7b70a850c19'
[    0.502160] blacklist: Loading compiled-in revocation X.509 certificates
[    0.502974] Loaded X.509 cert 'Canonical Ltd. Secure Boot Signing: 61482aa2830d0ab2ad5af10b7250da9033ddcef0'
[    0.504167] Loaded X.509 cert 'Canonical Ltd. Secure Boot Signing (2017): 242ade75ac4a15e50d50c84b0d45ff3eae707a03'
[    0.505418] Loaded X.509 cert 'Canonical Ltd. Secure Boot Signing (ESM 2018): 365188c1d374d6b07c3c8f240f8ef722433d6a8b'
[    0.506753] Loaded X.509 cert 'Canonical Ltd. Secure Boot Signing (2019): c0746fd6c5da3ae827864651ad66ae47fe24b3e8'
[    0.507992] Loaded X.509 cert 'Canonical Ltd. Secure Boot Signing (2021 v1): a8d54bbb3825cfb94fa13c9f8a594a195c107b8d'
[    0.509270] Loaded X.509 cert 'Canonical Ltd. Secure Boot Signing (2021 v2): 4cf046892d6fd3c9a5b03f98d845f90851dc6a8c'
[    0.510550] Loaded X.509 cert 'Canonical Ltd. Secure Boot Signing (2021 v3): 100437bb6de6e469b581e61cd66bce3ef4ed53af'
[    0.511821] Loaded X.509 cert 'Canonical Ltd. Secure Boot Signing (Ubuntu Core 2019): c1d57b8f6b743f23ee41f4f7ee292f06eecadfb9'
[    0.513184] zswap: loaded using pool lzo/zbud
[    0.517033] Key type big_key registered
[    0.517569] Key type trusted registered
[    0.519677] Key type encrypted registered
[    0.520250] AppArmor: AppArmor sha1 policy hashing enabled
[    0.520912] ima: No TPM chip found, activating TPM-bypass! (rc=-19)
[    0.521652] ima: Allocated hash algorithm: sha1
[    0.522214] evm: HMAC attrs: 0x1
[    0.522746]   Magic number: 12:373:647
[    0.523217] scsi_host host1: hash matches
[    0.523704] scsi host1: hash matches
[    0.524186] acpi LNXCPU:00: hash matches
[    0.524741] rtc_cmos rtc_cmos: setting system clock to 2024-10-10 19:38:32 UTC (1728589112)
[    0.525790] BIOS EDD facility v0.16 2004-Jun-25, 0 devices found
[    0.526513] EDD information not available.
[    0.658522] Freeing unused kernel image memory: 2480K
[    1.124080] Write protecting the kernel read-only data: 20480k
[    1.128753] Freeing unused kernel image memory: 2008K
[    1.130285] Freeing unused kernel image memory: 1820K
[    1.133955] x86/mm: Checked W+X mappings: passed, no W+X pages found.
[    1.134792] x86/mm: Checking user space page tables
[    1.138485] x86/mm: Checked W+X mappings: passed, no W+X pages found.
Loading, please wait...
starting version 237
[    1.170504] e1000: Intel(R) PRO/1000 Network Driver - version 7.3.21-k8-NAPI
[    1.171592] e1000: Copyright (c) 1999-2006 Intel Corporation.
[    1.175012] Fusion MPT base driver 3.04.20
[    1.176170] Copyright (c) 1999-2008 LSI Corporation
[    1.186975] Fusion MPT SPI Host driver 3.04.20
[    1.188313] AVX2 version of gcm_enc/dec engaged.
[    1.188958] AES CTR mode by8 optimization enabled
[    1.377124] input: ImExPS/2 Generic Explorer Mouse as /devices/platform/i8042/serio1/input/input4
[    1.531392] e1000 0000:00:03.0 eth0: (PCI:33MHz:32-bit) 02:3b:7b:b7:3b:2d
[    1.532654] e1000 0000:00:03.0 eth0: Intel(R) PRO/1000 Network Connection
[    1.534152] mptbase: ioc0: Initiating bringup
[    1.535071] e1000 0000:00:03.0 enp0s3: renamed from eth0
[    1.640877] ioc0: LSI53C1030 A0: Capabilities={Initiator}
[    1.890522] scsi host2: ioc0: LSI53C1030 A0, FwRev=00000000h, Ports=1, MaxQ=256, IRQ=20
[    2.062013] scsi 2:0:0:0: Direct-Access     VBOX     HARDDISK         1.0  PQ: 0 ANSI: 5
[    2.096355] scsi target2:0:0: Beginning Domain Validation
[    2.103093] scsi target2:0:0: Domain Validation skipping write tests
[    2.105694] scsi target2:0:0: Ending Domain Validation
[    2.107621] scsi target2:0:0: asynchronous
[    2.109412] scsi 2:0:1:0: Direct-Access     VBOX     HARDDISK         1.0  PQ: 0 ANSI: 5
[    2.140386] scsi target2:0:1: Beginning Domain Validation
[    2.145235] scsi target2:0:1: Domain Validation skipping write tests
[    2.147160] scsi target2:0:1: Ending Domain Validation
[    2.148534] scsi target2:0:1: asynchronous
[    2.152604] sd 2:0:0:0: [sda] 83886080 512-byte logical blocks: (42.9 GB/40.0 GiB)
[    2.153636] sd 2:0:0:0: Attached scsi generic sg0 type 0
[    2.154586] sd 2:0:0:0: [sda] Write Protect is off
[    2.156232] sd 2:0:0:0: [sda] Incomplete mode parameter data
[    2.157009] sd 2:0:0:0: [sda] Assuming drive cache: write through
[    2.158182] sd 2:0:1:0: Attached scsi generic sg1 type 0
[    2.159162] sd 2:0:1:0: [sdb] 20480 512-byte logical blocks: (10.5 MB/10.0 MiB)
[    2.160303] sd 2:0:1:0: [sdb] Write Protect is off
[    2.161175] sd 2:0:1:0: [sdb] Incomplete mode parameter data
[    2.161889] sd 2:0:1:0: [sdb] Assuming drive cache: write through
[    2.163734]  sda: sda1
[    2.164487] sd 2:0:0:0: [sda] Attached SCSI disk
[    2.165410] sd 2:0:1:0: [sdb] Attached SCSI disk
Begin: Loading essential drivers ... [    3.544043] raid6: sse2x1   gen() 20134 MB/s
[    3.592898] raid6: sse2x1   xor() 11841 MB/s
[    3.648845] raid6: sse2x2   gen() 31905 MB/s
[    3.699676] raid6: sse2x2   xor() 17599 MB/s
[    3.755020] raid6: sse2x4   gen() 33345 MB/s
[    3.803676] raid6: sse2x4   xor() 13624 MB/s
[    3.859035] raid6: avx2x1   gen() 43398 MB/s
[    3.907676] raid6: avx2x1   xor() 28759 MB/s
[    3.970025] raid6: avx2x2   gen() 52471 MB/s
[    4.027016] raid6: avx2x2   xor() 38323 MB/s
[    4.075679] raid6: avx2x4   gen() 43845 MB/s
[    4.131050] raid6: avx2x4   xor() 16572 MB/s
[    4.131763] raid6: using algorithm avx2x2 gen() 52471 MB/s
[    4.132487] raid6: .... xor() 38323 MB/s, rmw enabled
[    4.133141] raid6: using avx2x2 recovery algorithm
[    4.134803] xor: automatically using best checksumming function   avx       
[    4.136550] async_tx: api initialized (async)
done.
Begin: Running /scripts/init-premount ... done.
Begin: Mounting root file system ... Begin: Running /scripts/local-top ... done.
Begin: Running /scripts/local-premount ... [    4.167667] Btrfs loaded, crc32c=crc32c-intel
Scanning for Btrfs filesystems
done.
Begin: Will now check root file system ... fsck from util-linux 2.31.1
[/sbin/fsck.ext4 (1) -- /dev/sda1] fsck.ext4 -a -C0 /dev/sda1 
cloudimg-rootfs: clean, 125507/5120000 files, 934369/10485499 blocks
done.
[    4.192064] EXT4-fs (sda1): mounted filesystem with ordered data mode. Opts: (null)
done.
Begin: Running /scripts/local-bottom ... done.
Begin: Running /scripts/init-bottom ... done.
[    4.302273] ip_tables: (C) 2000-2006 Netfilter Core Team
[    4.308218] systemd[1]: systemd 237 running in system mode. (+PAM +AUDIT +SELINUX +IMA +APPARMOR +SMACK +SYSVINIT +UTMP +LIBCRYPTSETUP +GCRYPT +GNUTLS +ACL +XZ +LZ4 +SECCOMP +BLKID +ELFUTILS +KMOD -IDN2 +IDN -PCRE2 default-hierarchy=hybrid)
[    4.311386] systemd[1]: Detected virtualization oracle.
[    4.312022] systemd[1]: Detected architecture x86-64.

Welcome to [1mUbuntu 18.04.6 LTS[0m!

[    4.316788] systemd[1]: Set hostname to <ubuntu-bionic>.
[    4.476997] systemd[1]: Started Forward Password Requests to Wall Directory Watch.
[[0;32m  OK  [0m] Started Forward Password Requests to Wall Directory Watch.
[    4.479719] systemd[1]: Reached target System Time Synchronized.
[[0;32m  OK  [0m] Reached target System Time Synchronized.
[    4.481990] systemd[1]: Reached target User and Group Name Lookups.
[[0;32m  OK  [0m] Reached target User and Group Name Lookups.
[    4.484834] systemd[1]: Reached target Mounting snaps.
[[0;32m  OK  [0m] Reached target Mounting snaps.
[    4.486568] systemd[1]: Reached target Mounted snaps.
[[0;32m  OK  [0m] Reached target Mounted snaps.
[    4.490209] systemd[1]: Created slice System Slice.
[[0;32m  OK  [0m] Created slice System Slice.
[[0;32m  OK  [0m] Listening on /dev/initctl Compatibility Named Pipe.
[[0;32m  OK  [0m] Listening on Network Service Netlink Socket.
[[0;32m  OK  [0m] Listening on udev Control Socket.
[[0;32m  OK  [0m] Listening on Journal Socket (/dev/log).
[[0;32m  OK  [0m] Listening on LVM2 metadata daemon socket.
[[0;32m  OK  [0m] Listening on LVM2 poll daemon socket.
[[0;32m  OK  [0m] Listening on Journal Socket.
         Mounting Huge Pages File System...
         Starting Load Kernel Modules...
         Starting Uncomplicated firewall...
         Mounting POSIX Message Queue File System...
[[0;32m  OK  [0m] Listening on fsck to fsckd communication Socket.
[[0;32m  OK  [0m] Listening on Syslog Socket.
         Starting Create list of required st…ce nodes for the current kernel...
[[0;32m  OK  [0m] Reached target Swap.
         Starting Remount Root and Kernel File Systems...
         Starting Set the console keyboard layout...
[[0;32m  OK  [0m] Listening on Device-mapper event daemon FIFOs.
         Starting Monitoring of LVM2 mirrors…ng dmeventd or progress polling...
[    4.524665] Loading iSCSI transport class v2.0-870.
[    4.528235] iscsi: registered transport (tcp)
         Mounting Kernel Debug File System...
[[0;32m  OK  [0m] Listening on Journal Audit Socket.
         Starting Journal Service...
[[0;32m  OK  [0m] Created slice User and Session Slice.
[[0;32m  OK  [0m] Reached target Slices.
[[0;32m  OK  [0m] Listening on udev Kernel Socket.
         Starting udev Co[    4.546278] iscsi: registered transport (iser)
ldplug all Devices...
[[0;32m  OK  [0m] Set up automount Arbitrary Executab…rmats File System Automount Point.
[[0;32m  OK  [0m] Created slice system-serial\x2dgetty.slice.
[[0;32m  OK  [0m] Started Journal Service.
[[0;32m  OK  [0m] Mounted Huge Pages File System.
[[0;32m  OK  [0m] Started Load Kernel Modules.
[[0;32m  OK  [0m] Mounted POSIX Message Queue File System.
[    5.143004] EXT4-fs (sda1): re-mounted. Opts: (null)
[[0;32m  OK  [0m] Started Uncomplicated firewall.
[[0;32m  OK  [0m] Started Create list of required sta…vice nodes for the current kernel.
[[0;32m  OK  [0m] Started Remount Root and Kernel File Systems.
[[0;32m  OK  [0m] Mounted Kernel Debug File System.
[[0;32m  OK  [0m] Started LVM2 metadata daemon.
         Starting Load/Save Random Seed...
         Starting Create Static Device Nodes in /dev...
         Starting Apply Kernel Variables...
         Mounting Kernel Configuration File System...
         Mounting FUSE Control File System...
         Starting Flush Journal to Persistent Storage...
[[0;32m  OK  [0m] Started udev Coldplug all Devices.
[[0;32m  OK  [0m] Mounted Kernel Configuration File System.
[[0;32m  OK  [0m] Mounted FUSE Control File System.
[[0;32m  OK  [0m] Started Monitoring of LVM2 mirrors,…sing dmeventd or progress polling.
[[0;32m  OK  [0m] Started Load/Save Random Seed.
[[0;32m  OK  [0m] Started Apply Kernel Variables.
[[0;32m  OK  [0m] Started Create Static Device Nodes in /dev.
         Starting udev Kernel Device Manager...
[[0;32m  OK  [0m] Started Set the console keyboard layout.
[[0;32m  OK  [0m] Reached target Local File Systems (Pre).
[[0;32m  OK  [0m] Reached target Local File Systems.
         Starting Set console font and keymap...
         Starting ebtables ruleset management...
         Starting Tell Plymouth To Write Out Runtime Data...
         Starting AppArmor initialization...
[[0;32m  OK  [0m] Started udev Kernel Device Manager.
[[0;32m  OK  [0m] Started Dispatch Password Requests to Console Directory Watch.
[[0;32m  OK  [0m] Reached target Local Encrypted Volumes.
[[0;32m  OK  [0m] Started Set console font and keymap.
[[0;32m  OK  [0m] Started Flush Journal to Persistent Storage.
         Starting Create Volatile Files and Directories...
[[0;32m  OK  [0m] Started Tell Plymouth To Write Out Runtime Data.
[[0;32m  OK  [0m] Started Create Volatile Files and Directories.
         Starting Update UTMP about System Boot/Shutdown...
[[0;32m  OK  [0m] Started Update UTMP about System Boot/Shutdown.
[[0;32m  OK  [0m] Started ebtables ruleset management.
[[0;32m  OK  [0m] Found device /dev/ttyS0.
[[0;32m  OK  [0m] Listening on Load/Save RF Kill Switch Status /dev/rfkill Watch.
[[0;32m  OK  [0m] Started AppArmor initialization.
         Starting Load AppArmor profiles managed internally by snapd...
         Starting Initial cloud-init job (pre-networking)...
         Mounting Arbitrary Executable File Formats File System...
[[0;32m  OK  [0m] Mounted Arbitrary Executable File Formats File System.
[[0;32m  OK  [0m] Started Load AppArmor profiles managed internally by snapd.
[    6.187156] cloud-init[560]: Cloud-init v. 23.1.2-0ubuntu0~18.04.1 running 'init-local' at Thu, 10 Oct 2024 19:38:38 +0000. Up 6.07 seconds.
[[0;32m  OK  [0m] Started Initial cloud-init job (pre-networking).
[[0;32m  OK  [0m] Reached target Network (Pre).
         Starting Network Service...
[[0;32m  OK  [0m] Started Network Service.
         Starting Network Name Resolution...
         Starting Wait for Network to be Configured...
[[0;32m  OK  [0m] Started Network Name Resolution.
[[0;32m  OK  [0m] Reached target Host and Network Name Lookups.
[[0;32m  OK  [0m] Reached target Network.
[[0;32m  OK  [0m] Started Wait for Network to be Configured.
         Starting Initial cloud-init job (metadata service crawler)...
[    7.866867] cloud-init[673]: Cloud-init v. 23.1.2-0ubuntu0~18.04.1 running 'init' at Thu, 10 Oct 2024 19:38:39 +0000. Up 7.80 seconds.
[    7.868117] cloud-init[673]: ci-info: ++++++++++++++++++++++++++++++++++++++Net device info++++++++++++++++++++++++++++++++++++++
[    7.868894] cloud-init[673]: ci-info: +--------+------+----------------------------+---------------+--------+-------------------+
[    7.869849] cloud-init[673]: ci-info: | Device |  Up  |          Address           |      Mask     | Scope  |     Hw-Address    |
[    7.870507] cloud-init[673]: ci-info: +--------+------+----------------------------+---------------+--------+-------------------+
[    7.871263] cloud-init[673]: ci-info: | enp0s3 | True |         10.0.2.15          | 255.255.255.0 | global | 02:3b:7b:b7:3b:2d |
[    7.872081] cloud-init[673]: ci-info: | enp0s3 | True | fe80::3b:7bff:feb7:3b2d/64 |       .       |  link  | 02:3b:7b:b7:3b:2d |
[    7.872878] cloud-init[673]: ci-info: |   lo   | True |         127.0.0.1          |   255.0.0.0   |  host  |         .         |
[    7.873688] cloud-init[673]: ci-info: |   lo   | True |          ::1/128           |       .       |  host  |         .         |
[    7.874508] cloud-init[673]: ci-info: +--------+------+----------------------------+---------------+--------+-------------------+
[    7.875305] cloud-init[673]: ci-info: ++++++++++++++++++++++++++++Route IPv4 info+++++++++++++++++++++++++++++
[    7.875979] cloud-init[673]: ci-info: +-------+-------------+----------+-----------------+-----------+-------+
[    7.876580] cloud-init[673]: ci-info: | Route | Destination | Gateway  |     Genmask     | Interface | Flags |
[    7.877153] cloud-init[673]: ci-info: +-------+-------------+----------+-----------------+-----------+-------+
[    7.877715] cloud-init[673]: ci-info: |   0   |   0.0.0.0   | 10.0.2.2 |     0.0.0.0     |   enp0s3  |   UG  |
[    7.878303] cloud-init[673]: ci-info: |   1   |   10.0.2.0  | 0.0.0.0  |  255.255.255.0  |   enp0s3  |   U   |
[    7.878998] cloud-init[673]: ci-info: |   2   |   10.0.2.2  | 0.0.0.0  | 255.255.255.255 |   enp0s3  |   UH  |
[    7.879746] cloud-init[673]: ci-info: +-------+-------------+----------+-----------------+-----------+-------+
[    7.880532] cloud-init[673]: ci-info: +++++++++++++++++++Route IPv6 info+++++++++++++++++++
[    7.881166] cloud-init[673]: ci-info: +-------+-------------+---------+-----------+-------+
[    7.881759] cloud-init[673]: ci-info: | Route | Destination | Gateway | Interface | Flags |
[    7.882422] cloud-init[673]: ci-info: +-------+-------------+---------+-----------+-------+
[    7.883419] cloud-init[673]: ci-info: |   1   |  fe80::/64  |    ::   |   enp0s3  |   U   |
[    7.884860] cloud-init[673]: ci-info: |   3   |    local    |    ::   |   enp0s3  |   U   |
[    7.886550] cloud-init[673]: ci-info: |   4   |   ff00::/8  |    ::   |   enp0s3  |   U   |
[    7.887383] cloud-init[673]: ci-info: +-------+-------------+---------+-----------+-------+
[[0;32m  OK  [0m] Started Initial cloud-init job (metadata service crawler).
[[0;32m  OK  [0m] Reached target System Initialization.
         Starting Socket activation for snappy daemon.
[[0;32m  OK  [0m] Listening on UUID daemon activation socket.
[[0;32m  OK  [0m] Listening on D-Bus System Message Bus Socket.
[[0;32m  OK  [0m] Listening on cloud-init hotplug hook socket.
[[0;32m  OK  [0m] Listening on Open-iSCSI iscsid Socket.
[[0;32m  OK  [0m] Started Daily apt download activities.
[[0;32m  OK  [0m] Started Message of the Day.
[[0;32m  OK  [0m] Started ACPI Events Check.
[[0;32m  OK  [0m] Started Daily Cleanup of Temporary Directories.
[[0;32m  OK  [0m] Listening on ACPID Listen Socket.
[[0;32m  OK  [0m] Reached target Paths.
         Starting LXD - unix socket.
[[0;32m  OK  [0m] Started Discard unused blocks once a week.
[[0;32m  OK  [0m] Started Daily apt upgrade and clean activities.
[[0;32m  OK  [0m] Reached target Timers.
[[0;32m  OK  [0m] Reached target Cloud-config availability.
[[0;32m  OK  [0m] Reached target Network is Online.
[[0;32m  OK  [0m] Reached target Remote File Systems (Pre).
         Mounting /vagrant...
         Starting Availability of block devices...
[[0;32m  OK  [0m] Listening on Socket activation for snappy daemon.
[[0;32m  OK  [0m] Listening on LXD - unix socket.
[[0;32m  OK  [0m] Reached target Sockets.
[[0;32m  OK  [0m] Reached target Basic System.
[[0;32m  OK  [0m] Started D-Bus System Message Bus.
[[0;32m  OK  [0m] Reached target Login Prompts (Pre).
         Starting LXD - container startup/shutdown...
         Starting LSB: Record successful boot for GRUB...
         Starting Accounts Service...
         Starting Dispatcher daemon for systemd-networkd...
         Starting OpenBSD Secure Shell server...
         Starting Login Service...
         Starting System Logging Service...
         Starting Snap Daemon...
[[0;32m  OK  [0m] Started FUSE filesystem for LXC.
[[0;32m  OK  [0m] Started irqbalance daemon.
         Starting Virtualbox guest utils...
[[0;32m  OK  [0m] Started Deferred execution scheduler.
[[0;32m  OK  [0m] Started Regular background program processing daemon.
[[0;32m  OK  [0m] Started System Logging Service.
[[0;32m  OK  [0m] Mounted /vagrant.
[[0;32m  OK  [0m] Started Availability of block devices.
[[0;32m  OK  [0m] Started LXD - container startup/shutdown.
[[0;32m  OK  [0m] Reached target Remote File Systems.
         Starting Permit User Sessions...
         Starting LSB: automatic crash report generation...
[[0;32m  OK  [0m] Started Login Service.
[[0;32m  OK  [0m] Started Unattended Upgrades Shutdown.
[[0;32m  OK  [0m] Started OpenBSD Secure Shell server.
[[0;32m  OK  [0m] Started Permit User Sessions.
         Starting Hold until boot process finishes up...
         Starting Terminate Plymouth Boot Screen...
         Starting Authorization Manager...
[[0;32m  OK  [0m] Started Hold until boot process finishes up.
[[0;32m  OK  [0m] Started Terminate Plymouth Boot Screen.
         Starting Set console scheme...
[[0;32m  OK  [0m] Started Serial Getty on ttyS0.
[[0;32m  OK  [0m] Started Authorization Manager.
[[0;32m  OK  [0m] Started Accounts Service.
[[0;32m  OK  [0m] Started Set console scheme.
[[0;32m  OK  [0m] Created slice system-getty.slice.
[[0;32m  OK  [0m] Started Getty on tty1.
[[0;32m  OK  [0m] Reached target Login Prompts.
[[0;32m  OK  [0m] Started Virtualbox guest utils.
[[0;32m  OK  [0m] Started LSB: Record successful boot for GRUB.
[[0;32m  OK  [0m] Started LSB: automatic crash report generation.
[[0;32m  OK  [0m] Started Dispatcher daemon for systemd-networkd.
[[0;32m  OK  [0m] Started Snap Daemon.
         Starting Wait until snapd is fully seeded...
         Starting Time & Date Service...
[[0;32m  OK  [0m] Started Time & Date Service.
[[0;32m  OK  [0m] Started Wait until snapd is fully seeded.
[[0;32m  OK  [0m] Reached target Multi-User System.
[[0;32m  OK  [0m] Reached target Graphical Interface.
         Starting Update UTMP about System Runlevel Changes...
         Starting Apply the settings specified in cloud-config...
[[0;32m  OK  [0m] Started Update UTMP about System Runlevel Changes.
[    9.050192] cloud-init[1158]: Cloud-init v. 23.1.2-0ubuntu0~18.04.1 running 'modules:config' at Thu, 10 Oct 2024 19:38:40 +0000. Up 8.99 seconds.
[[0;32m  OK  [0m] Started Apply the settings specified in cloud-config.
         Starting Execute cloud user/final scripts...
[    9.355459] cloud-init[1215]: Cloud-init v. 23.1.2-0ubuntu0~18.04.1 running 'modules:final' at Thu, 10 Oct 2024 19:38:41 +0000. Up 9.28 seconds.
[    9.357120] cloud-init[1215]: Cloud-init v. 23.1.2-0ubuntu0~18.04.1 finished at Thu, 10 Oct 2024 19:38:41 +0000. Datasource DataSourceNoCloud [seed=/dev/sdb][dsmode=net].  Up 9.35 seconds
[[0;32m  OK  [0m] Started Execute cloud user/final scripts.
[[0;32m  OK  [0m] Reached target Cloud-init target.

Ubuntu 18.04.6 LTS ubuntu-bionic ttyS0

ubuntu-bionic login: 